#
# A fatal error has been detected by the Java Runtime Environment:
#
#  SIGSEGV (0xb) at pc=0x00007f154177d359, pid=423, tid=623
#
# JRE version: OpenJDK Runtime Environment (11.0.18+10) (build 11.0.18+10-post-Debian-1deb11u1)
# Java VM: OpenJDK 64-Bit Server VM (11.0.18+10-post-Debian-1deb11u1, mixed mode, sharing, tiered, compressed oops, parallel gc, linux-amd64)
# Problematic frame:
# V  [libjvm.so+0x858359]
#
# Core dump will be written. Default location: /core.%e.423.%t
#
# If you would like to submit a bug report, please visit:
#   https://bugs.debian.org/openjdk-11
#

---------------  S U M M A R Y ------------

Command Line: --add-modules=ALL-SYSTEM --add-opens=java.base/java.util=ALL-UNNAMED --add-opens=java.base/java.lang=ALL-UNNAMED -Declipse.application=org.eclipse.jdt.ls.core.id1 -Dosgi.bundles.defaultStartLevel=4 -Declipse.product=org.eclipse.jdt.ls.core.product -Dfile.encoding=utf8 -XX:+UseParallelGC -XX:GCTimeRatio=4 -XX:AdaptiveSizePolicyWeight=90 -Dsun.zip.disableMemoryMapping=true -Xmx1G -Xms100m -Xverify:none /home/coder/.config/extensions/redhat.java-0.81.0/server/plugins/org.eclipse.equinox.launcher_1.6.200.v20210416-2027.jar -configuration /home/coder/.local/share/code-server/User/globalStorage/redhat.java/0.81.0/config_linux -data /home/coder/.local/share/code-server/User/workspaceStorage/55ead64e/redhat.java/jdt_ws

Host: Intel(R) Xeon(R) CPU @ 2.20GHz, 4 cores, 3G, Debian GNU/Linux 11 (bullseye)
Time: Thu Jul 27 05:02:26 2023 UTC elapsed time: 22.960453 seconds (0d 0h 0m 22s)

---------------  T H R E A D  ---------------

Current thread (0x00007f153c60a800):  JavaThread "pool-2-thread-1" [_thread_in_vm, id=623, stack(0x00007f14d66f5000,0x00007f14d67f6000)]

Stack: [0x00007f14d66f5000,0x00007f14d67f6000],  sp=0x00007f14d67f2e50,  free space=1015k
Native frames: (J=compiled Java code, A=aot compiled Java code, j=interpreted, Vv=VM code, C=native code)
V  [libjvm.so+0x858359]
j  org.eclipse.jdt.internal.compiler.parser.Scanner.getNextToken0()I+93
j  org.eclipse.jdt.internal.compiler.parser.Scanner.getNextToken()I+47
j  org.eclipse.jdt.internal.compiler.parser.Parser.fetchNextToken()I+4
j  org.eclipse.jdt.internal.compiler.parser.Parser.parse()V+329
j  org.eclipse.jdt.internal.compiler.parser.Parser.parse(Lorg/eclipse/jdt/internal/compiler/env/ICompilationUnit;Lorg/eclipse/jdt/internal/compiler/CompilationResult;II)Lorg/eclipse/jdt/internal/compiler/ast/CompilationUnitDeclaration;+178
j  org.eclipse.jdt.internal.compiler.parser.Parser.parse(Lorg/eclipse/jdt/internal/compiler/env/ICompilationUnit;Lorg/eclipse/jdt/internal/compiler/CompilationResult;)Lorg/eclipse/jdt/internal/compiler/ast/CompilationUnitDeclaration;+5
j  org.eclipse.jdt.internal.compiler.parser.Parser.dietParse(Lorg/eclipse/jdt/internal/compiler/env/ICompilationUnit;Lorg/eclipse/jdt/internal/compiler/CompilationResult;)Lorg/eclipse/jdt/internal/compiler/ast/CompilationUnitDeclaration;+25
j  org.eclipse.jdt.core.dom.CompilationUnitResolver.parse(Lorg/eclipse/jdt/internal/compiler/env/ICompilationUnit;Lorg/eclipse/jdt/core/dom/NodeSearcher;Ljava/util/Map;I)Lorg/eclipse/jdt/internal/compiler/ast/CompilationUnitDeclaration;+117
j  org.eclipse.jdt.core.dom.ASTParser.internalCreateAST(Lorg/eclipse/core/runtime/IProgressMonitor;)Lorg/eclipse/jdt/core/dom/ASTNode;+914
j  org.eclipse.jdt.core.dom.ASTParser.createAST(Lorg/eclipse/core/runtime/IProgressMonitor;)Lorg/eclipse/jdt/core/dom/ASTNode;+39
j  org.eclipse.jdt.ls.core.internal.JDTUtils.getPackageName(Lorg/eclipse/jdt/core/IJavaProject;Ljava/lang/String;)Ljava/lang/String;+37
j  org.eclipse.jdt.ls.core.internal.JDTUtils.getPackageName(Lorg/eclipse/jdt/core/IJavaProject;Ljava/net/URI;)Ljava/lang/String;+194
j  org.eclipse.jdt.ls.core.internal.managers.InvisibleProjectImporter.getPackageName(Lorg/eclipse/core/runtime/IPath;Lorg/eclipse/core/runtime/IPath;Lorg/eclipse/jdt/core/IJavaProject;[[Ljava/lang/String;)Ljava/lang/String;+60
j  org.eclipse.jdt.ls.core.internal.managers.InvisibleProjectImporter.getPackageName(Lorg/eclipse/core/runtime/IPath;Lorg/eclipse/core/runtime/IPath;[[Ljava/lang/String;)Ljava/lang/String;+32
j  org.eclipse.jdt.ls.core.internal.managers.InvisibleProjectImporter.getPackageName(Lorg/eclipse/core/runtime/IPath;Lorg/eclipse/core/runtime/IPath;)Ljava/lang/String;+5
j  org.eclipse.jdt.ls.core.internal.managers.InvisibleProjectImporter.loadInvisibleProject(Lorg/eclipse/core/runtime/IPath;Lorg/eclipse/core/runtime/IPath;ZLorg/eclipse/core/runtime/IProgressMonitor;)Z+16
j  org.eclipse.jdt.ls.core.internal.handlers.DocumentLifeCycleHandler.resolveCompilationUnit(Ljava/lang/String;)Lorg/eclipse/jdt/core/ICompilationUnit;+101
j  org.eclipse.jdt.ls.core.internal.handlers.BaseDocumentLifeCycleHandler.handleOpen(Lorg/eclipse/lsp4j/DidOpenTextDocumentParams;)Lorg/eclipse/jdt/core/ICompilationUnit;+10
j  org.eclipse.jdt.ls.core.internal.handlers.DocumentLifeCycleHandler.handleOpen(Lorg/eclipse/lsp4j/DidOpenTextDocumentParams;)Lorg/eclipse/jdt/core/ICompilationUnit;+2
j  org.eclipse.jdt.ls.core.internal.handlers.BaseDocumentLifeCycleHandler$5.run(Lorg/eclipse/core/runtime/IProgressMonitor;)V+8
j  org.eclipse.core.internal.resources.Workspace.run(Lorg/eclipse/core/runtime/ICoreRunnable;Lorg/eclipse/core/runtime/jobs/ISchedulingRule;ILorg/eclipse/core/runtime/IProgressMonitor;)V+69
j  org.eclipse.core.internal.resources.Workspace.run(Lorg/eclipse/core/resources/IWorkspaceRunnable;Lorg/eclipse/core/runtime/jobs/ISchedulingRule;ILorg/eclipse/core/runtime/IProgressMonitor;)V+6
j  org.eclipse.jdt.ls.core.internal.handlers.BaseDocumentLifeCycleHandler.didOpen(Lorg/eclipse/lsp4j/DidOpenTextDocumentParams;)V+32
j  org.eclipse.jdt.ls.core.internal.handlers.JDTLanguageServer.didOpen(Lorg/eclipse/lsp4j/DidOpenTextDocumentParams;)V+11
v  ~StubRoutines::call_stub
V  [libjvm.so+0x85e0a3]
V  [libjvm.so+0xc62a3c]
V  [libjvm.so+0xc63830]
V  [libjvm.so+0x911ecd]  JVM_InvokeMethod+0x13d
j  jdk.internal.reflect.NativeMethodAccessorImpl.invoke0(Ljava/lang/reflect/Method;Ljava/lang/Object;[Ljava/lang/Object;)Ljava/lang/Object;+0 java.base@11.0.18
j  jdk.internal.reflect.NativeMethodAccessorImpl.invoke(Ljava/lang/Object;[Ljava/lang/Object;)Ljava/lang/Object;+100 java.base@11.0.18
J 822 c1 jdk.internal.reflect.DelegatingMethodAccessorImpl.invoke(Ljava/lang/Object;[Ljava/lang/Object;)Ljava/lang/Object; java.base@11.0.18 (10 bytes) @ 0x00007f1524ec2b6c [0x00007f1524ec2a40+0x000000000000012c]
J 821 c1 java.lang.reflect.Method.invoke(Ljava/lang/Object;[Ljava/lang/Object;)Ljava/lang/Object; java.base@11.0.18 (65 bytes) @ 0x00007f1524ec260c [0x00007f1524ec22a0+0x000000000000036c]
j  org.eclipse.lsp4j.jsonrpc.services.GenericEndpoint.lambda$null$0(Lorg/eclipse/lsp4j/jsonrpc/services/AnnotationUtil$MethodInfo;Ljava/lang/Object;Ljava/lang/Object;)Ljava/util/concurrent/CompletableFuture;+20
j  org.eclipse.lsp4j.jsonrpc.services.GenericEndpoint$$Lambda$197.apply(Ljava/lang/Object;)Ljava/lang/Object;+13
j  org.eclipse.lsp4j.jsonrpc.services.GenericEndpoint.notify(Ljava/lang/String;Ljava/lang/Object;)V+18
j  org.eclipse.lsp4j.jsonrpc.RemoteEndpoint.handleNotification(Lorg/eclipse/lsp4j/jsonrpc/messages/NotificationMessage;)V+20
j  org.eclipse.lsp4j.jsonrpc.RemoteEndpoint.consume(Lorg/eclipse/lsp4j/jsonrpc/messages/Message;)V+14
j  org.eclipse.jdt.ls.core.internal.ParentProcessWatcher.lambda$0(Lorg/eclipse/lsp4j/jsonrpc/MessageConsumer;Lorg/eclipse/lsp4j/jsonrpc/messages/Message;)V+9
j  org.eclipse.jdt.ls.core.internal.ParentProcessWatcher$$Lambda$195.consume(Lorg/eclipse/lsp4j/jsonrpc/messages/Message;)V+9
j  org.eclipse.lsp4j.jsonrpc.json.StreamMessageProducer.handleMessage(Ljava/io/InputStream;Lorg/eclipse/lsp4j/jsonrpc/json/StreamMessageProducer$Headers;)Z+99
j  org.eclipse.lsp4j.jsonrpc.json.StreamMessageProducer.listen(Lorg/eclipse/lsp4j/jsonrpc/MessageConsumer;)V+158
j  org.eclipse.lsp4j.jsonrpc.json.ConcurrentMessageProcessor.run()V+12
j  java.util.concurrent.Executors$RunnableAdapter.call()Ljava/lang/Object;+4 java.base@11.0.18
j  java.util.concurrent.FutureTask.run()V+39 java.base@11.0.18
j  java.util.concurrent.ThreadPoolExecutor.runWorker(Ljava/util/concurrent/ThreadPoolExecutor$Worker;)V+92 java.base@11.0.18
j  java.util.concurrent.ThreadPoolExecutor$Worker.run()V+5 java.base@11.0.18
j  java.lang.Thread.run()V+11 java.base@11.0.18
v  ~StubRoutines::call_stub
V  [libjvm.so+0x85e0a3]
V  [libjvm.so+0x85c796]
V  [libjvm.so+0x906acd]
V  [libjvm.so+0xe07cf3]
V  [libjvm.so+0xe0361c]
V  [libjvm.so+0xbcbac6]

Java frames: (J=compiled Java code, j=interpreted, Vv=VM code)
j  org.eclipse.jdt.internal.compiler.parser.Scanner.getNextToken0()I+93
j  org.eclipse.jdt.internal.compiler.parser.Scanner.getNextToken()I+47
j  org.eclipse.jdt.internal.compiler.parser.Parser.fetchNextToken()I+4
j  org.eclipse.jdt.internal.compiler.parser.Parser.parse()V+329
j  org.eclipse.jdt.internal.compiler.parser.Parser.parse(Lorg/eclipse/jdt/internal/compiler/env/ICompilationUnit;Lorg/eclipse/jdt/internal/compiler/CompilationResult;II)Lorg/eclipse/jdt/internal/compiler/ast/CompilationUnitDeclaration;+178
j  org.eclipse.jdt.internal.compiler.parser.Parser.parse(Lorg/eclipse/jdt/internal/compiler/env/ICompilationUnit;Lorg/eclipse/jdt/internal/compiler/CompilationResult;)Lorg/eclipse/jdt/internal/compiler/ast/CompilationUnitDeclaration;+5
j  org.eclipse.jdt.internal.compiler.parser.Parser.dietParse(Lorg/eclipse/jdt/internal/compiler/env/ICompilationUnit;Lorg/eclipse/jdt/internal/compiler/CompilationResult;)Lorg/eclipse/jdt/internal/compiler/ast/CompilationUnitDeclaration;+25
j  org.eclipse.jdt.core.dom.CompilationUnitResolver.parse(Lorg/eclipse/jdt/internal/compiler/env/ICompilationUnit;Lorg/eclipse/jdt/core/dom/NodeSearcher;Ljava/util/Map;I)Lorg/eclipse/jdt/internal/compiler/ast/CompilationUnitDeclaration;+117
j  org.eclipse.jdt.core.dom.ASTParser.internalCreateAST(Lorg/eclipse/core/runtime/IProgressMonitor;)Lorg/eclipse/jdt/core/dom/ASTNode;+914
j  org.eclipse.jdt.core.dom.ASTParser.createAST(Lorg/eclipse/core/runtime/IProgressMonitor;)Lorg/eclipse/jdt/core/dom/ASTNode;+39
j  org.eclipse.jdt.ls.core.internal.JDTUtils.getPackageName(Lorg/eclipse/jdt/core/IJavaProject;Ljava/lang/String;)Ljava/lang/String;+37
j  org.eclipse.jdt.ls.core.internal.JDTUtils.getPackageName(Lorg/eclipse/jdt/core/IJavaProject;Ljava/net/URI;)Ljava/lang/String;+194
j  org.eclipse.jdt.ls.core.internal.managers.InvisibleProjectImporter.getPackageName(Lorg/eclipse/core/runtime/IPath;Lorg/eclipse/core/runtime/IPath;Lorg/eclipse/jdt/core/IJavaProject;[[Ljava/lang/String;)Ljava/lang/String;+60
j  org.eclipse.jdt.ls.core.internal.managers.InvisibleProjectImporter.getPackageName(Lorg/eclipse/core/runtime/IPath;Lorg/eclipse/core/runtime/IPath;[[Ljava/lang/String;)Ljava/lang/String;+32
j  org.eclipse.jdt.ls.core.internal.managers.InvisibleProjectImporter.getPackageName(Lorg/eclipse/core/runtime/IPath;Lorg/eclipse/core/runtime/IPath;)Ljava/lang/String;+5
j  org.eclipse.jdt.ls.core.internal.managers.InvisibleProjectImporter.loadInvisibleProject(Lorg/eclipse/core/runtime/IPath;Lorg/eclipse/core/runtime/IPath;ZLorg/eclipse/core/runtime/IProgressMonitor;)Z+16
j  org.eclipse.jdt.ls.core.internal.handlers.DocumentLifeCycleHandler.resolveCompilationUnit(Ljava/lang/String;)Lorg/eclipse/jdt/core/ICompilationUnit;+101
j  org.eclipse.jdt.ls.core.internal.handlers.BaseDocumentLifeCycleHandler.handleOpen(Lorg/eclipse/lsp4j/DidOpenTextDocumentParams;)Lorg/eclipse/jdt/core/ICompilationUnit;+10
j  org.eclipse.jdt.ls.core.internal.handlers.DocumentLifeCycleHandler.handleOpen(Lorg/eclipse/lsp4j/DidOpenTextDocumentParams;)Lorg/eclipse/jdt/core/ICompilationUnit;+2
j  org.eclipse.jdt.ls.core.internal.handlers.BaseDocumentLifeCycleHandler$5.run(Lorg/eclipse/core/runtime/IProgressMonitor;)V+8
j  org.eclipse.core.internal.resources.Workspace.run(Lorg/eclipse/core/runtime/ICoreRunnable;Lorg/eclipse/core/runtime/jobs/ISchedulingRule;ILorg/eclipse/core/runtime/IProgressMonitor;)V+69
j  org.eclipse.core.internal.resources.Workspace.run(Lorg/eclipse/core/resources/IWorkspaceRunnable;Lorg/eclipse/core/runtime/jobs/ISchedulingRule;ILorg/eclipse/core/runtime/IProgressMonitor;)V+6
j  org.eclipse.jdt.ls.core.internal.handlers.BaseDocumentLifeCycleHandler.didOpen(Lorg/eclipse/lsp4j/DidOpenTextDocumentParams;)V+32
j  org.eclipse.jdt.ls.core.internal.handlers.JDTLanguageServer.didOpen(Lorg/eclipse/lsp4j/DidOpenTextDocumentParams;)V+11
v  ~StubRoutines::call_stub
j  jdk.internal.reflect.NativeMethodAccessorImpl.invoke0(Ljava/lang/reflect/Method;Ljava/lang/Object;[Ljava/lang/Object;)Ljava/lang/Object;+0 java.base@11.0.18
j  jdk.internal.reflect.NativeMethodAccessorImpl.invoke(Ljava/lang/Object;[Ljava/lang/Object;)Ljava/lang/Object;+100 java.base@11.0.18
J 822 c1 jdk.internal.reflect.DelegatingMethodAccessorImpl.invoke(Ljava/lang/Object;[Ljava/lang/Object;)Ljava/lang/Object; java.base@11.0.18 (10 bytes) @ 0x00007f1524ec2b6c [0x00007f1524ec2a40+0x000000000000012c]
J 821 c1 java.lang.reflect.Method.invoke(Ljava/lang/Object;[Ljava/lang/Object;)Ljava/lang/Object; java.base@11.0.18 (65 bytes) @ 0x00007f1524ec260c [0x00007f1524ec22a0+0x000000000000036c]
j  org.eclipse.lsp4j.jsonrpc.services.GenericEndpoint.lambda$null$0(Lorg/eclipse/lsp4j/jsonrpc/services/AnnotationUtil$MethodInfo;Ljava/lang/Object;Ljava/lang/Object;)Ljava/util/concurrent/CompletableFuture;+20
j  org.eclipse.lsp4j.jsonrpc.services.GenericEndpoint$$Lambda$197.apply(Ljava/lang/Object;)Ljava/lang/Object;+13
j  org.eclipse.lsp4j.jsonrpc.services.GenericEndpoint.notify(Ljava/lang/String;Ljava/lang/Object;)V+18
j  org.eclipse.lsp4j.jsonrpc.RemoteEndpoint.handleNotification(Lorg/eclipse/lsp4j/jsonrpc/messages/NotificationMessage;)V+20
j  org.eclipse.lsp4j.jsonrpc.RemoteEndpoint.consume(Lorg/eclipse/lsp4j/jsonrpc/messages/Message;)V+14
j  org.eclipse.jdt.ls.core.internal.ParentProcessWatcher.lambda$0(Lorg/eclipse/lsp4j/jsonrpc/MessageConsumer;Lorg/eclipse/lsp4j/jsonrpc/messages/Message;)V+9
j  org.eclipse.jdt.ls.core.internal.ParentProcessWatcher$$Lambda$195.consume(Lorg/eclipse/lsp4j/jsonrpc/messages/Message;)V+9
j  org.eclipse.lsp4j.jsonrpc.json.StreamMessageProducer.handleMessage(Ljava/io/InputStream;Lorg/eclipse/lsp4j/jsonrpc/json/StreamMessageProducer$Headers;)Z+99
j  org.eclipse.lsp4j.jsonrpc.json.StreamMessageProducer.listen(Lorg/eclipse/lsp4j/jsonrpc/MessageConsumer;)V+158
j  org.eclipse.lsp4j.jsonrpc.json.ConcurrentMessageProcessor.run()V+12
j  java.util.concurrent.Executors$RunnableAdapter.call()Ljava/lang/Object;+4 java.base@11.0.18
j  java.util.concurrent.FutureTask.run()V+39 java.base@11.0.18
j  java.util.concurrent.ThreadPoolExecutor.runWorker(Ljava/util/concurrent/ThreadPoolExecutor$Worker;)V+92 java.base@11.0.18
j  java.util.concurrent.ThreadPoolExecutor$Worker.run()V+5 java.base@11.0.18
j  java.lang.Thread.run()V+11 java.base@11.0.18
v  ~StubRoutines::call_stub

siginfo: si_signo: 11 (SIGSEGV), si_code: 2 (SEGV_ACCERR), si_addr: 0x00000000ec0b614c

Register to memory mapping:

RAX=0x0 is NULL
RBX=0x00000000ec0b6140 is an unallocated location in the heap
RCX=0x00000000000003d8 is an unknown value
RDX=0x0000000000000f41 is an unknown value
RSP=0x00007f14d67f2e50 is pointing into the stack for thread: 0x00007f153c60a800
RBP=0x00007f14d67f2f30 is pointing into the stack for thread: 0x00007f153c60a800
RSI=0x00007f1541e28ed8: <offset 0x0000000000f03ed8> in /usr/lib/jvm/java-11-openjdk-amd64/lib/server/libjvm.so at 0x00007f1540f25000
RDI=0x00007f14d67f2e70 is pointing into the stack for thread: 0x00007f153c60a800
R8 =0x00007f14a8001e70 points into unknown readable memory: 0x0000000800110068 | 68 00 11 00 08 00 00 00
R9 =0x0000000000000006 is an unknown value
R10=0x0000000000000001 is an unknown value
R11=0x0000000000000be1 is an unknown value
R12=0x0000000000000f41 is an unknown value
R13=0x00007f14d67f2e70 is pointing into the stack for thread: 0x00007f153c60a800
R14=0x00007f153c609b60 points into unknown readable memory: 0x00007f1500000002 | 02 00 00 00 15 7f 00 00
R15=0x00007f153c60a800 is a thread


Registers:
RAX=0x0000000000000000, RBX=0x00000000ec0b6140, RCX=0x00000000000003d8, RDX=0x0000000000000f41
RSP=0x00007f14d67f2e50, RBP=0x00007f14d67f2f30, RSI=0x00007f1541e28ed8, RDI=0x00007f14d67f2e70
R8 =0x00007f14a8001e70, R9 =0x0000000000000006, R10=0x0000000000000001, R11=0x0000000000000be1
R12=0x0000000000000f41, R13=0x00007f14d67f2e70, R14=0x00007f153c609b60, R15=0x00007f153c60a800
RIP=0x00007f154177d359, EFLAGS=0x0000000000010246, CSGSFS=0x002b000000000033, ERR=0x0000000000000004
  TRAPNO=0x000000000000000e

Top of Stack: (sp=0x00007f14d67f2e50)
0x00007f14d67f2e50:   00000000000003d8 00007f1504487078
0x00007f14d67f2e60:   00007f1504486ca0 00007f1504486c90
0x00007f14d67f2e70:   00007f154207af30 0000005000000000
0x00007f14d67f2e80:   0000000000000000 0000000000000000 

Instructions: (pc=0x00007f154177d359)
0x00007f154177d259:   e3 a7 a1 00 83 38 01 75 0b 49 8b 87 08 01 00 00
0x00007f154177d269:   a8 08 74 08 4c 89 ff e8 db e0 42 00 41 8b 87 b0
0x00007f154177d279:   03 00 00 41 c7 87 c0 03 00 00 08 00 00 00 85 c0
0x00007f154177d289:   75 0e 41 8b 87 d8 00 00 00 a9 00 00 00 20 74 4f
0x00007f154177d299:   be 01 00 00 00 4c 89 ff e8 ea ca 5a 00 48 81 c4
0x00007f154177d2a9:   b8 00 00 00 5b 41 5c 41 5d 41 5e 41 5f 5d c3 0f
0x00007f154177d2b9:   1f 84 00 00 00 00 00 48 8d 15 c9 41 a1 00 4c 89
0x00007f154177d2c9:   f8 48 c1 e8 04 23 02 48 8d 15 c1 41 a1 00 48 03
0x00007f154177d2d9:   02 c7 00 01 00 00 00 e9 71 ff ff ff 0f 1f 00 41
0x00007f154177d2e9:   8b 87 d8 00 00 00 a8 04 74 b3 eb a4 0f 1f 00 4d
0x00007f154177d2f9:   8b b7 78 02 00 00 4c 8d ad 40 ff ff ff 31 f6 4c
0x00007f154177d309:   89 ef 49 8b 4e 18 49 8b 46 10 48 89 8d 30 ff ff
0x00007f154177d319:   ff 49 8b 4e 20 48 89 85 38 ff ff ff 48 89 8d 28
0x00007f154177d329:   ff ff ff 49 8b 4e 28 48 89 8d 20 ff ff ff e8 94
0x00007f154177d339:   fc 37 00 48 8d 05 69 e6 9f 00 44 89 e2 4c 89 ef
0x00007f154177d349:   48 8d 35 88 bb 6a 00 80 38 01 48 19 c0 83 e0 04
0x00007f154177d359:   8b 4c 03 0c 31 c0 e8 ec f0 37 00 4c 89 ef e8 64
0x00007f154177d369:   fe 37 00 ba bc 01 00 00 48 8d 35 00 9d 6d 00 4c
0x00007f154177d379:   89 ff 49 89 c0 48 8d 05 5b 9a a3 00 48 8b 88 80
0x00007f154177d389:   03 00 00 e8 8f 95 ec ff 4c 89 ef e8 67 de 37 00
0x00007f154177d399:   48 8b 9d 38 ff ff ff 48 83 3b 00 74 17 48 8b b5
0x00007f154177d3a9:   20 ff ff ff 4c 89 f7 e8 1b b4 bb ff 48 89 df e8
0x00007f154177d3b9:   33 a6 bb ff f3 0f 7e 85 38 ff ff ff 48 8b 85 28
0x00007f154177d3c9:   ff ff ff 0f 16 85 30 ff ff ff 49 89 46 20 41 0f
0x00007f154177d3d9:   11 46 10 e9 ee fd ff ff 0f 1f 80 00 00 00 00 4c
0x00007f154177d3e9:   89 ff e8 60 69 5a 00 e9 2d fe ff ff 90 66 2e 0f
0x00007f154177d3f9:   1f 84 00 00 00 00 00 55 66 0f ef c0 48 89 e5 41
0x00007f154177d409:   57 49 89 f7 41 56 41 55 41 54 49 89 fc 48 81 c7
0x00007f154177d419:   28 03 00 00 53 4c 89 e6 48 8d 9d 40 ff ff ff 48
0x00007f154177d429:   81 ec 38 01 00 00 0f 29 85 10 ff ff ff c7 87 98
0x00007f154177d439:   00 00 00 06 00 00 00 0f 29 85 30 ff ff ff 48 c7
0x00007f154177d449:   85 20 ff ff ff 00 00 00 00 c7 85 28 ff ff ff 02 


Stack slot to memory mapping:
stack at sp + 0 slots: 0x00000000000003d8 is an unknown value
stack at sp + 1 slots: 0x00007f1504487078 points into unknown readable memory: 0x0000000000000045 | 45 00 00 00 00 00 00 00
stack at sp + 2 slots: 0x00007f1504486ca0 points into unknown readable memory: 0x00007f15043d5de4 | e4 5d 3d 04 15 7f 00 00
stack at sp + 3 slots: 0x00007f1504486c90 points into unknown readable memory: 0x0000000000000000 | 00 00 00 00 00 00 00 00
stack at sp + 4 slots: 0x00007f154207af30: <offset 0x0000000001155f30> in /usr/lib/jvm/java-11-openjdk-amd64/lib/server/libjvm.so at 0x00007f1540f25000
stack at sp + 5 slots: 0x0000005000000000 is an unknown value
stack at sp + 6 slots: 0x0 is NULL
stack at sp + 7 slots: 0x0 is NULL


---------------  P R O C E S S  ---------------

Threads class SMR info:
_java_thread_list=0x00007f14ec009300, length=28, elements={
0x00007f153c016000, 0x00007f153c11b800, 0x00007f153c11e000, 0x00007f153c128800,
0x00007f153c12a800, 0x00007f153c12c800, 0x00007f153c12e800, 0x00007f153c130800,
0x00007f153c15a000, 0x00007f153c270000, 0x00007f153c3a2800, 0x00007f153c3cb800,
0x00007f153c3d8000, 0x00007f153c65f800, 0x00007f14d8017800, 0x00007f14d828d800,
0x00007f14d82cd000, 0x00007f14bc009800, 0x00007f14d8447800, 0x00007f14d84a1800,
0x00007f14d86b9000, 0x00007f153c487800, 0x00007f14bc010000, 0x00007f153c60a800,
0x00007f14a4001000, 0x00007f14c0005000, 0x00007f14c40e7000, 0x00007f14a80c5000
}

Java Threads: ( => current thread )
  0x00007f153c016000 JavaThread "main" [_thread_blocked, id=425, stack(0x00007f1540af9000,0x00007f1540bfa000)]
  0x00007f153c11b800 JavaThread "Reference Handler" daemon [_thread_blocked, id=430, stack(0x00007f151d4fc000,0x00007f151d5fd000)]
  0x00007f153c11e000 JavaThread "Finalizer" daemon [_thread_blocked, id=431, stack(0x00007f151d3fb000,0x00007f151d4fc000)]
  0x00007f153c128800 JavaThread "Signal Dispatcher" daemon [_thread_blocked, id=432, stack(0x00007f151d013000,0x00007f151d114000)]
  0x00007f153c12a800 JavaThread "Service Thread" daemon [_thread_blocked, id=433, stack(0x00007f151cf12000,0x00007f151d013000)]
  0x00007f153c12c800 JavaThread "C2 CompilerThread0" daemon [_thread_in_native, id=434, stack(0x00007f151ce11000,0x00007f151cf12000)]
  0x00007f153c12e800 JavaThread "C1 CompilerThread0" daemon [_thread_in_native, id=435, stack(0x00007f151cd10000,0x00007f151ce11000)]
  0x00007f153c130800 JavaThread "Sweeper thread" daemon [_thread_blocked, id=436, stack(0x00007f151cc0f000,0x00007f151cd10000)]
  0x00007f153c15a000 JavaThread "Common-Cleaner" daemon [_thread_blocked, id=438, stack(0x00007f151cb0e000,0x00007f151cc0f000)]
  0x00007f153c270000 JavaThread "process reaper" daemon [_thread_blocked, id=493, stack(0x00007f1540002000,0x00007f1540024000)]
  0x00007f153c3a2800 JavaThread "Active Thread: Equinox Container: 9094c970-851c-4f45-896b-8d5e3845cd70" [_thread_blocked, id=553, stack(0x00007f151c709000,0x00007f151c80a000)]
  0x00007f153c3cb800 JavaThread "Framework Event Dispatcher: Equinox Container: 9094c970-851c-4f45-896b-8d5e3845cd70" daemon [_thread_blocked, id=558, stack(0x00007f151c608000,0x00007f151c709000)]
  0x00007f153c3d8000 JavaThread "Start Level: Equinox Container: 9094c970-851c-4f45-896b-8d5e3845cd70" daemon [_thread_blocked, id=560, stack(0x00007f151c507000,0x00007f151c608000)]
  0x00007f153c65f800 JavaThread "Refresh Thread: Equinox Container: 9094c970-851c-4f45-896b-8d5e3845cd70" daemon [_thread_blocked, id=583, stack(0x00007f151c304000,0x00007f151c405000)]
  0x00007f14d8017800 JavaThread "SCR Component Actor" daemon [_thread_blocked, id=591, stack(0x00007f14d7eff000,0x00007f14d8000000)]
  0x00007f14d828d800 JavaThread "Worker-JM" [_thread_blocked, id=603, stack(0x00007f14d78fd000,0x00007f14d79fe000)]
  0x00007f14d82cd000 JavaThread "Worker-0" [_thread_blocked, id=604, stack(0x00007f14d75fc000,0x00007f14d76fd000)]
  0x00007f14bc009800 JavaThread "Worker-1: Java indexing... " [_thread_blocked, id=606, stack(0x00007f14d74fb000,0x00007f14d75fc000)]
  0x00007f14d8447800 JavaThread "Java indexing" daemon [_thread_in_Java, id=608, stack(0x00007f14d71fa000,0x00007f14d72fb000)]
  0x00007f14d84a1800 JavaThread "Bundle File Closer" daemon [_thread_blocked, id=610, stack(0x00007f14d6ef9000,0x00007f14d6ffa000)]
  0x00007f14d86b9000 JavaThread "logback configurator timer" daemon [_thread_blocked, id=617, stack(0x00007f14d6bf8000,0x00007f14d6cf9000)]
  0x00007f153c487800 JavaThread "pool-3-thread-1" [_thread_blocked, id=621, stack(0x00007f14d68f7000,0x00007f14d69f8000)]
  0x00007f14bc010000 JavaThread "Worker-2" [_thread_blocked, id=622, stack(0x00007f14d67f6000,0x00007f14d68f7000)]
=>0x00007f153c60a800 JavaThread "pool-2-thread-1" [_thread_in_vm, id=623, stack(0x00007f14d66f5000,0x00007f14d67f6000)]
  0x00007f14a4001000 JavaThread "Worker-3: Initialize workspace" [_thread_blocked, id=624, stack(0x00007f14d7bfe000,0x00007f14d7cff000)]
  0x00007f14c0005000 JavaThread "Worker-4" [_thread_blocked, id=654, stack(0x00007f14d5df4000,0x00007f14d5ef5000)]
  0x00007f14c40e7000 JavaThread "Keep-Alive-Timer" daemon [_thread_blocked, id=680, stack(0x00007f14d54f3000,0x00007f14d55f4000)]
  0x00007f14a80c5000 JavaThread "Thread-3" [_thread_blocked, id=799, stack(0x00007f14d51f2000,0x00007f14d52f3000)]

Other Threads:
  0x00007f153c118800 VMThread "VM Thread" [stack: 0x00007f151d5ff000,0x00007f151d6ff000] [id=429] _threads_hazard_ptr=0x00007f14ec009300
  0x00007f153c19e000 WatcherThread [stack: 0x00007f151ca0e000,0x00007f151cb0e000] [id=444]
  0x00007f153c02d800 GCTaskThread "ParGC Thread#0" [stack: 0x00007f1540442000,0x00007f1540542000] [id=428]
  0x00007f1518001000 GCTaskThread "ParGC Thread#1" [stack: 0x00007f151c407000,0x00007f151c507000] [id=561]

Threads with active compile tasks:
C2 CompilerThread0    22975 5380 %     4       org.eclipse.jdt.internal.core.search.indexing.BinaryIndexer::extractReferenceFromConstantPool @ 15 (341 bytes)
C1 CompilerThread0    22976 5635       2       org.eclipse.jdt.internal.compiler.parser.Parser::consumeRule (7641 bytes)

VM state:synchronizing (normal execution)

VM Mutex/Monitor currently owned by a thread:  ([mutex/lock_event])
[0x00007f153c012d00] Safepoint_lock - owner thread: 0x00007f153c118800
[0x00007f153c012d90] Threads_lock - owner thread: 0x00007f153c118800
[0x00007f153c013570] Heap_lock - owner thread: 0x00007f14a80c5000

Heap address: 0x00000000c0000000, size: 1024 MB, Compressed Oops mode: 32-bit
Narrow klass base: 0x0000000800000000, Narrow klass shift: 3
Compressed class space size: 1073741824 Address: 0x0000000840000000

Heap:
 PSYoungGen      total 15872K, used 2554K [0x00000000eab00000, 0x00000000ebe80000, 0x0000000100000000)
  eden space 13824K, 4% used [0x00000000eab00000,0x00000000eab8c698,0x00000000eb880000)
  from space 2048K, 97% used [0x00000000eb980000,0x00000000ebb72208,0x00000000ebb80000)
  to   space 3072K, 0% used [0x00000000ebb80000,0x00000000ebb80000,0x00000000ebe80000)
 ParOldGen       total 68608K, used 64735K [0x00000000c0000000, 0x00000000c4300000, 0x00000000eab00000)
  object space 68608K, 94% used [0x00000000c0000000,0x00000000c3f37c90,0x00000000c4300000)
 Metaspace       used 43841K, capacity 46265K, committed 46640K, reserved 1091584K
  class space    used 4568K, capacity 5430K, committed 5504K, reserved 1048576K

Card table byte_map: [0x00007f1540698000,0x00007f1540899000] _byte_map_base: 0x00007f1540098000

Marking Bits: (ParMarkBitMap*) 0x00007f1542196dc0
 Begin Bits: [0x00007f151e000000, 0x00007f151f000000)
 End Bits:   [0x00007f151f000000, 0x00007f1520000000)

Polling page: 0x00007f15423df000

Metaspace:

Usage:
  Non-class:     39.88 MB capacity,    38.35 MB ( 96%) used,     1.43 MB (  4%) free+waste,    98.94 KB ( <1%) overhead. 
      Class:      5.30 MB capacity,     4.46 MB ( 84%) used,   813.39 KB ( 15%) free+waste,    47.94 KB ( <1%) overhead. 
       Both:     45.18 MB capacity,    42.81 MB ( 95%) used,     2.22 MB (  5%) free+waste,   146.88 KB ( <1%) overhead. 

Virtual space:
  Non-class space:       42.00 MB reserved,      40.17 MB ( 96%) committed 
      Class space:        1.00 GB reserved,       5.38 MB ( <1%) committed 
             Both:        1.04 GB reserved,      45.55 MB (  4%) committed 

Chunk freelists:
   Non-Class:  229.00 KB
       Class:  10.00 KB
        Both:  239.00 KB

MaxMetaspaceSize: unlimited
CompressedClassSpaceSize: 1.00 GB
Initial GC threshold: 20.80 MB
Current GC threshold: 57.58 MB
CDS: on

CodeHeap 'non-profiled nmethods': size=120036Kb used=1765Kb max_used=1765Kb free=118270Kb
 bounds [0x00007f152c2bf000, 0x00007f152c52f000, 0x00007f15337f8000]
CodeHeap 'profiled nmethods': size=120032Kb used=12377Kb max_used=12377Kb free=107654Kb
 bounds [0x00007f1524d87000, 0x00007f15259a7000, 0x00007f152c2bf000]
CodeHeap 'non-nmethods': size=5692Kb used=1323Kb max_used=1366Kb free=4368Kb
 bounds [0x00007f15247f8000, 0x00007f1524a68000, 0x00007f1524d87000]
 total_blobs=6027 nmethods=5396 adapters=546
 compilation: enabled
              stopped_count=0, restarted_count=0
 full_count=0

Compilation events (20 events):
Event: 22.782 Thread 0x00007f153c12e800 nmethod 5625 0x00007f1525990110 code [0x00007f1525990320, 0x00007f1525990720]
Event: 22.782 Thread 0x00007f153c12e800 5626       2       sun.util.ResourceBundleEnumeration::nextElement (5 bytes)
Event: 22.783 Thread 0x00007f153c12e800 nmethod 5626 0x00007f1525990890 code [0x00007f1525990a60, 0x00007f1525990c10]
Event: 22.783 Thread 0x00007f153c12e800 5627       2       org.eclipse.jdt.internal.compiler.problem.DefaultProblemFactory::keyFromID (4 bytes)
Event: 22.783 Thread 0x00007f153c12e800 nmethod 5627 0x00007f1525990d10 code [0x00007f1525990ec0, 0x00007f1525990f90]
Event: 22.783 Thread 0x00007f153c12e800 5628       2       org.eclipse.jdt.internal.compiler.util.HashtableOfInt::put (95 bytes)
Event: 22.783 Thread 0x00007f153c12e800 nmethod 5628 0x00007f1525991010 code [0x00007f15259911e0, 0x00007f15259915c0]
Event: 22.784 Thread 0x00007f153c12e800 5629 %     3       java.lang.Integer::parseInt @ 173 (259 bytes)
Event: 22.788 Thread 0x00007f153c12e800 nmethod 5629% 0x00007f1525991810 code [0x00007f1525991f40, 0x00007f15259957e0]
Event: 22.796 Thread 0x00007f153c12e800 5630       3       java.lang.Integer::parseInt (259 bytes)
Event: 22.802 Thread 0x00007f153c12e800 nmethod 5630 0x00007f1525996c90 code [0x00007f15259973c0, 0x00007f152599ab00]
Event: 22.802 Thread 0x00007f153c12e800 5631       2       org.eclipse.jdt.internal.compiler.util.SimpleSet::add (90 bytes)
Event: 22.803 Thread 0x00007f153c12e800 nmethod 5631 0x00007f152599bf10 code [0x00007f152599c100, 0x00007f152599c520]
Event: 22.872 Thread 0x00007f153c12e800 5632       2       org.eclipse.jdt.internal.compiler.parser.Parser::tAction (35 bytes)
Event: 22.873 Thread 0x00007f153c12e800 nmethod 5632 0x00007f152599c790 code [0x00007f152599c940, 0x00007f152599cab0]
Event: 22.873 Thread 0x00007f153c12e800 5633       2       org.eclipse.jdt.internal.compiler.parser.Parser::actFromTokenOrSynthetic (9 bytes)
Event: 22.873 Thread 0x00007f153c12e800 nmethod 5633 0x00007f152599cc10 code [0x00007f152599cdc0, 0x00007f152599cf70]
Event: 22.873 Thread 0x00007f153c12e800 5634       2       org.eclipse.jdt.internal.compiler.parser.Parser::ntAction (8 bytes)
Event: 22.873 Thread 0x00007f153c12e800 nmethod 5634 0x00007f152599d110 code [0x00007f152599d2c0, 0x00007f152599d3d0]
Event: 22.873 Thread 0x00007f153c12e800 5635       2       org.eclipse.jdt.internal.compiler.parser.Parser::consumeRule (7641 bytes)

GC Heap History (20 events):
Event: 20.686 GC heap before
{Heap before GC invocations=20 (full 2):
 PSYoungGen      total 23552K, used 23240K [0x00000000eab00000, 0x00000000ec500000, 0x0000000100000000)
  eden space 20480K, 100% used [0x00000000eab00000,0x00000000ebf00000,0x00000000ebf00000)
  from space 3072K, 89% used [0x00000000ec000000,0x00000000ec2b2298,0x00000000ec300000)
  to   space 2048K, 0% used [0x00000000ec300000,0x00000000ec300000,0x00000000ec500000)
 ParOldGen       total 68608K, used 36457K [0x00000000c0000000, 0x00000000c4300000, 0x00000000eab00000)
  object space 68608K, 53% used [0x00000000c0000000,0x00000000c239a4a0,0x00000000c4300000)
 Metaspace       used 41079K, capacity 43586K, committed 43952K, reserved 1087488K
  class space    used 4391K, capacity 5266K, committed 5376K, reserved 1048576K
}
Event: 20.695 GC heap after
{Heap after GC invocations=20 (full 2):
 PSYoungGen      total 20480K, used 2037K [0x00000000eab00000, 0x00000000ecb00000, 0x0000000100000000)
  eden space 18432K, 0% used [0x00000000eab00000,0x00000000eab00000,0x00000000ebd00000)
  from space 2048K, 99% used [0x00000000ec300000,0x00000000ec4fd7e0,0x00000000ec500000)
  to   space 6144K, 0% used [0x00000000ebd00000,0x00000000ebd00000,0x00000000ec300000)
 ParOldGen       total 68608K, used 39759K [0x00000000c0000000, 0x00000000c4300000, 0x00000000eab00000)
  object space 68608K, 57% used [0x00000000c0000000,0x00000000c26d3d90,0x00000000c4300000)
 Metaspace       used 41079K, capacity 43586K, committed 43952K, reserved 1087488K
  class space    used 4391K, capacity 5266K, committed 5376K, reserved 1048576K
}
Event: 20.883 GC heap before
{Heap before GC invocations=21 (full 2):
 PSYoungGen      total 20480K, used 20469K [0x00000000eab00000, 0x00000000ecb00000, 0x0000000100000000)
  eden space 18432K, 100% used [0x00000000eab00000,0x00000000ebd00000,0x00000000ebd00000)
  from space 2048K, 99% used [0x00000000ec300000,0x00000000ec4fd7e0,0x00000000ec500000)
  to   space 6144K, 0% used [0x00000000ebd00000,0x00000000ebd00000,0x00000000ec300000)
 ParOldGen       total 68608K, used 39759K [0x00000000c0000000, 0x00000000c4300000, 0x00000000eab00000)
  object space 68608K, 57% used [0x00000000c0000000,0x00000000c26d3d90,0x00000000c4300000)
 Metaspace       used 41079K, capacity 43586K, committed 43952K, reserved 1087488K
  class space    used 4391K, capacity 5266K, committed 5376K, reserved 1048576K
}
Event: 20.894 GC heap after
{Heap after GC invocations=21 (full 2):
 PSYoungGen      total 20992K, used 2399K [0x00000000eab00000, 0x00000000ec400000, 0x0000000100000000)
  eden space 18432K, 0% used [0x00000000eab00000,0x00000000eab00000,0x00000000ebd00000)
  from space 2560K, 93% used [0x00000000ebd00000,0x00000000ebf57dd8,0x00000000ebf80000)
  to   space 3584K, 0% used [0x00000000ec080000,0x00000000ec080000,0x00000000ec400000)
 ParOldGen       total 68608K, used 41737K [0x00000000c0000000, 0x00000000c4300000, 0x00000000eab00000)
  object space 68608K, 60% used [0x00000000c0000000,0x00000000c28c26e8,0x00000000c4300000)
 Metaspace       used 41079K, capacity 43586K, committed 43952K, reserved 1087488K
  class space    used 4391K, capacity 5266K, committed 5376K, reserved 1048576K
}
Event: 21.170 GC heap before
{Heap before GC invocations=22 (full 2):
 PSYoungGen      total 20992K, used 20831K [0x00000000eab00000, 0x00000000ec400000, 0x0000000100000000)
  eden space 18432K, 100% used [0x00000000eab00000,0x00000000ebd00000,0x00000000ebd00000)
  from space 2560K, 93% used [0x00000000ebd00000,0x00000000ebf57dd8,0x00000000ebf80000)
  to   space 3584K, 0% used [0x00000000ec080000,0x00000000ec080000,0x00000000ec400000)
 ParOldGen       total 68608K, used 41737K [0x00000000c0000000, 0x00000000c4300000, 0x00000000eab00000)
  object space 68608K, 60% used [0x00000000c0000000,0x00000000c28c26e8,0x00000000c4300000)
 Metaspace       used 41181K, capacity 43659K, committed 43952K, reserved 1087488K
  class space    used 4398K, capacity 5269K, committed 5376K, reserved 1048576K
}
Event: 21.186 GC heap after
{Heap after GC invocations=22 (full 2):
 PSYoungGen      total 17408K, used 3580K [0x00000000eab00000, 0x00000000ecd00000, 0x0000000100000000)
  eden space 13824K, 0% used [0x00000000eab00000,0x00000000eab00000,0x00000000eb880000)
  from space 3584K, 99% used [0x00000000ec080000,0x00000000ec3ff090,0x00000000ec400000)
  to   space 8192K, 0% used [0x00000000eb880000,0x00000000eb880000,0x00000000ec080000)
 ParOldGen       total 68608K, used 45178K [0x00000000c0000000, 0x00000000c4300000, 0x00000000eab00000)
  object space 68608K, 65% used [0x00000000c0000000,0x00000000c2c1ebe0,0x00000000c4300000)
 Metaspace       used 41181K, capacity 43659K, committed 43952K, reserved 1087488K
  class space    used 4398K, capacity 5269K, committed 5376K, reserved 1048576K
}
Event: 21.364 GC heap before
{Heap before GC invocations=23 (full 2):
 PSYoungGen      total 17408K, used 17404K [0x00000000eab00000, 0x00000000ecd00000, 0x0000000100000000)
  eden space 13824K, 100% used [0x00000000eab00000,0x00000000eb880000,0x00000000eb880000)
  from space 3584K, 99% used [0x00000000ec080000,0x00000000ec3ff090,0x00000000ec400000)
  to   space 8192K, 0% used [0x00000000eb880000,0x00000000eb880000,0x00000000ec080000)
 ParOldGen       total 68608K, used 45178K [0x00000000c0000000, 0x00000000c4300000, 0x00000000eab00000)
  object space 68608K, 65% used [0x00000000c0000000,0x00000000c2c1ebe0,0x00000000c4300000)
 Metaspace       used 41311K, capacity 43791K, committed 44208K, reserved 1087488K
  class space    used 4406K, capacity 5270K, committed 5376K, reserved 1048576K
}
Event: 21.374 GC heap after
{Heap after GC invocations=23 (full 2):
 PSYoungGen      total 16896K, used 2984K [0x00000000eab00000, 0x00000000ec180000, 0x0000000100000000)
  eden space 13824K, 0% used [0x00000000eab00000,0x00000000eab00000,0x00000000eb880000)
  from space 3072K, 97% used [0x00000000eb880000,0x00000000ebb6a1d0,0x00000000ebb80000)
  to   space 4608K, 0% used [0x00000000ebd00000,0x00000000ebd00000,0x00000000ec180000)
 ParOldGen       total 68608K, used 48760K [0x00000000c0000000, 0x00000000c4300000, 0x00000000eab00000)
  object space 68608K, 71% used [0x00000000c0000000,0x00000000c2f9e2d0,0x00000000c4300000)
 Metaspace       used 41311K, capacity 43791K, committed 44208K, reserved 1087488K
  class space    used 4406K, capacity 5270K, committed 5376K, reserved 1048576K
}
Event: 21.487 GC heap before
{Heap before GC invocations=24 (full 2):
 PSYoungGen      total 16896K, used 16808K [0x00000000eab00000, 0x00000000ec180000, 0x0000000100000000)
  eden space 13824K, 100% used [0x00000000eab00000,0x00000000eb880000,0x00000000eb880000)
  from space 3072K, 97% used [0x00000000eb880000,0x00000000ebb6a1d0,0x00000000ebb80000)
  to   space 4608K, 0% used [0x00000000ebd00000,0x00000000ebd00000,0x00000000ec180000)
 ParOldGen       total 68608K, used 48760K [0x00000000c0000000, 0x00000000c4300000, 0x00000000eab00000)
  object space 68608K, 71% used [0x00000000c0000000,0x00000000c2f9e2d0,0x00000000c4300000)
 Metaspace       used 41334K, capacity 43855K, committed 44208K, reserved 1087488K
  class space    used 4406K, capacity 5270K, committed 5376K, reserved 1048576K
}
Event: 21.502 GC heap after
{Heap after GC invocations=24 (full 2):
 PSYoungGen      total 16896K, used 2647K [0x00000000eab00000, 0x00000000ec000000, 0x0000000100000000)
  eden space 13824K, 0% used [0x00000000eab00000,0x00000000eab00000,0x00000000eb880000)
  from space 3072K, 86% used [0x00000000ebd00000,0x00000000ebf95d60,0x00000000ec000000)
  to   space 3072K, 0% used [0x00000000eb880000,0x00000000eb880000,0x00000000ebb80000)
 ParOldGen       total 68608K, used 51614K [0x00000000c0000000, 0x00000000c4300000, 0x00000000eab00000)
  object space 68608K, 75% used [0x00000000c0000000,0x00000000c3267858,0x00000000c4300000)
 Metaspace       used 41334K, capacity 43855K, committed 44208K, reserved 1087488K
  class space    used 4406K, capacity 5270K, committed 5376K, reserved 1048576K
}
Event: 21.684 GC heap before
{Heap before GC invocations=25 (full 2):
 PSYoungGen      total 16896K, used 16471K [0x00000000eab00000, 0x00000000ec000000, 0x0000000100000000)
  eden space 13824K, 100% used [0x00000000eab00000,0x00000000eb880000,0x00000000eb880000)
  from space 3072K, 86% used [0x00000000ebd00000,0x00000000ebf95d60,0x00000000ec000000)
  to   space 3072K, 0% used [0x00000000eb880000,0x00000000eb880000,0x00000000ebb80000)
 ParOldGen       total 68608K, used 51614K [0x00000000c0000000, 0x00000000c4300000, 0x00000000eab00000)
  object space 68608K, 75% used [0x00000000c0000000,0x00000000c3267858,0x00000000c4300000)
 Metaspace       used 41351K, capacity 43855K, committed 44208K, reserved 1087488K
  class space    used 4406K, capacity 5270K, committed 5376K, reserved 1048576K
}
Event: 21.696 GC heap after
{Heap after GC invocations=25 (full 2):
 PSYoungGen      total 15872K, used 2041K [0x00000000eab00000, 0x00000000ebd80000, 0x0000000100000000)
  eden space 13824K, 0% used [0x00000000eab00000,0x00000000eab00000,0x00000000eb880000)
  from space 2048K, 99% used [0x00000000eb880000,0x00000000eba7e628,0x00000000eba80000)
  to   space 2560K, 0% used [0x00000000ebb00000,0x00000000ebb00000,0x00000000ebd80000)
 ParOldGen       total 68608K, used 54223K [0x00000000c0000000, 0x00000000c4300000, 0x00000000eab00000)
  object space 68608K, 79% used [0x00000000c0000000,0x00000000c34f3cd0,0x00000000c4300000)
 Metaspace       used 41351K, capacity 43855K, committed 44208K, reserved 1087488K
  class space    used 4406K, capacity 5270K, committed 5376K, reserved 1048576K
}
Event: 21.913 GC heap before
{Heap before GC invocations=26 (full 2):
 PSYoungGen      total 15872K, used 15865K [0x00000000eab00000, 0x00000000ebd80000, 0x0000000100000000)
  eden space 13824K, 100% used [0x00000000eab00000,0x00000000eb880000,0x00000000eb880000)
  from space 2048K, 99% used [0x00000000eb880000,0x00000000eba7e628,0x00000000eba80000)
  to   space 2560K, 0% used [0x00000000ebb00000,0x00000000ebb00000,0x00000000ebd80000)
 ParOldGen       total 68608K, used 54223K [0x00000000c0000000, 0x00000000c4300000, 0x00000000eab00000)
  object space 68608K, 79% used [0x00000000c0000000,0x00000000c34f3cd0,0x00000000c4300000)
 Metaspace       used 41356K, capacity 43855K, committed 44208K, reserved 1087488K
  class space    used 4406K, capacity 5270K, committed 5376K, reserved 1048576K
}
Event: 21.971 GC heap after
{Heap after GC invocations=26 (full 2):
 PSYoungGen      total 16384K, used 2347K [0x00000000eab00000, 0x00000000ebd80000, 0x0000000100000000)
  eden space 13824K, 0% used [0x00000000eab00000,0x00000000eab00000,0x00000000eb880000)
  from space 2560K, 91% used [0x00000000ebb00000,0x00000000ebd4ad20,0x00000000ebd80000)
  to   space 2560K, 0% used [0x00000000eb880000,0x00000000eb880000,0x00000000ebb00000)
 ParOldGen       total 68608K, used 56255K [0x00000000c0000000, 0x00000000c4300000, 0x00000000eab00000)
  object space 68608K, 81% used [0x00000000c0000000,0x00000000c36eff78,0x00000000c4300000)
 Metaspace       used 41356K, capacity 43855K, committed 44208K, reserved 1087488K
  class space    used 4406K, capacity 5270K, committed 5376K, reserved 1048576K
}
Event: 22.305 GC heap before
{Heap before GC invocations=27 (full 2):
 PSYoungGen      total 16384K, used 16171K [0x00000000eab00000, 0x00000000ebd80000, 0x0000000100000000)
  eden space 13824K, 100% used [0x00000000eab00000,0x00000000eb880000,0x00000000eb880000)
  from space 2560K, 91% used [0x00000000ebb00000,0x00000000ebd4ad20,0x00000000ebd80000)
  to   space 2560K, 0% used [0x00000000eb880000,0x00000000eb880000,0x00000000ebb00000)
 ParOldGen       total 68608K, used 56255K [0x00000000c0000000, 0x00000000c4300000, 0x00000000eab00000)
  object space 68608K, 81% used [0x00000000c0000000,0x00000000c36eff78,0x00000000c4300000)
 Metaspace       used 41998K, capacity 44470K, committed 44720K, reserved 1089536K
  class space    used 4464K, capacity 5324K, committed 5376K, reserved 1048576K
}
Event: 22.370 GC heap after
{Heap after GC invocations=27 (full 2):
 PSYoungGen      total 16384K, used 2553K [0x00000000eab00000, 0x00000000ec380000, 0x0000000100000000)
  eden space 13824K, 0% used [0x00000000eab00000,0x00000000eab00000,0x00000000eb880000)
  from space 2560K, 99% used [0x00000000eb880000,0x00000000ebafe778,0x00000000ebb00000)
  to   space 5632K, 0% used [0x00000000ebe00000,0x00000000ebe00000,0x00000000ec380000)
 ParOldGen       total 68608K, used 58788K [0x00000000c0000000, 0x00000000c4300000, 0x00000000eab00000)
  object space 68608K, 85% used [0x00000000c0000000,0x00000000c39693d0,0x00000000c4300000)
 Metaspace       used 41998K, capacity 44470K, committed 44720K, reserved 1089536K
  class space    used 4464K, capacity 5324K, committed 5376K, reserved 1048576K
}
Event: 22.658 GC heap before
{Heap before GC invocations=28 (full 2):
 PSYoungGen      total 16384K, used 16377K [0x00000000eab00000, 0x00000000ec380000, 0x0000000100000000)
  eden space 13824K, 100% used [0x00000000eab00000,0x00000000eb880000,0x00000000eb880000)
  from space 2560K, 99% used [0x00000000eb880000,0x00000000ebafe778,0x00000000ebb00000)
  to   space 5632K, 0% used [0x00000000ebe00000,0x00000000ebe00000,0x00000000ec380000)
 ParOldGen       total 68608K, used 58788K [0x00000000c0000000, 0x00000000c4300000, 0x00000000eab00000)
  object space 68608K, 85% used [0x00000000c0000000,0x00000000c39693d0,0x00000000c4300000)
 Metaspace       used 42802K, capacity 45241K, committed 45488K, reserved 1089536K
  class space    used 4515K, capacity 5366K, committed 5376K, reserved 1048576K
}
Event: 22.669 GC heap after
{Heap after GC invocations=28 (full 2):
 PSYoungGen      total 17408K, used 3477K [0x00000000eab00000, 0x00000000ec180000, 0x0000000100000000)
  eden space 13824K, 0% used [0x00000000eab00000,0x00000000eab00000,0x00000000eb880000)
  from space 3584K, 97% used [0x00000000ebe00000,0x00000000ec165410,0x00000000ec180000)
  to   space 4096K, 0% used [0x00000000eb980000,0x00000000eb980000,0x00000000ebd80000)
 ParOldGen       total 68608K, used 61314K [0x00000000c0000000, 0x00000000c4300000, 0x00000000eab00000)
  object space 68608K, 89% used [0x00000000c0000000,0x00000000c3be0880,0x00000000c4300000)
 Metaspace       used 42802K, capacity 45241K, committed 45488K, reserved 1089536K
  class space    used 4515K, capacity 5366K, committed 5376K, reserved 1048576K
}
Event: 22.904 GC heap before
{Heap before GC invocations=29 (full 2):
 PSYoungGen      total 17408K, used 17301K [0x00000000eab00000, 0x00000000ec180000, 0x0000000100000000)
  eden space 13824K, 99% used [0x00000000eab00000,0x00000000eb87fff8,0x00000000eb880000)
  from space 3584K, 97% used [0x00000000ebe00000,0x00000000ec165410,0x00000000ec180000)
  to   space 4096K, 0% used [0x00000000eb980000,0x00000000eb980000,0x00000000ebd80000)
 ParOldGen       total 68608K, used 61314K [0x00000000c0000000, 0x00000000c4300000, 0x00000000eab00000)
  object space 68608K, 89% used [0x00000000c0000000,0x00000000c3be0880,0x00000000c4300000)
 Metaspace       used 43829K, capacity 46265K, committed 46640K, reserved 1091584K
  class space    used 4568K, capacity 5430K, committed 5504K, reserved 1048576K
}
Event: 22.914 GC heap after
{Heap after GC invocations=29 (full 2):
 PSYoungGen      total 15872K, used 1992K [0x00000000eab00000, 0x00000000ebe80000, 0x0000000100000000)
  eden space 13824K, 0% used [0x00000000eab00000,0x00000000eab00000,0x00000000eb880000)
  from space 2048K, 97% used [0x00000000eb980000,0x00000000ebb72208,0x00000000ebb80000)
  to   space 3072K, 0% used [0x00000000ebb80000,0x00000000ebb80000,0x00000000ebe80000)
 ParOldGen       total 68608K, used 64735K [0x00000000c0000000, 0x00000000c4300000, 0x00000000eab00000)
  object space 68608K, 94% used [0x00000000c0000000,0x00000000c3f37c90,0x00000000c4300000)
 Metaspace       used 43829K, capacity 46265K, committed 46640K, reserved 1091584K
  class space    used 4568K, capacity 5430K, committed 5504K, reserved 1048576K
}

Deoptimization events (20 events):
Event: 22.774 Thread 0x00007f153c60a800 DEOPT PACKING pc=0x00007f15252f9cb6 sp=0x00007f14d67f2810
Event: 22.774 Thread 0x00007f153c60a800 DEOPT UNPACKING pc=0x00007f152484264a sp=0x00007f14d67f1d48 mode 0
Event: 22.774 Thread 0x00007f153c60a800 DEOPT PACKING pc=0x00007f1525363be3 sp=0x00007f14d67f2840
Event: 22.774 Thread 0x00007f153c60a800 DEOPT UNPACKING pc=0x00007f152484264a sp=0x00007f14d67f1d28 mode 0
Event: 22.775 Thread 0x00007f153c60a800 DEOPT PACKING pc=0x00007f15252f9cb6 sp=0x00007f14d67f2810
Event: 22.775 Thread 0x00007f153c60a800 DEOPT UNPACKING pc=0x00007f152484264a sp=0x00007f14d67f1d48 mode 0
Event: 22.775 Thread 0x00007f153c60a800 DEOPT PACKING pc=0x00007f1525363dee sp=0x00007f14d67f2840
Event: 22.775 Thread 0x00007f153c60a800 DEOPT UNPACKING pc=0x00007f152484264a sp=0x00007f14d67f1d38 mode 0
Event: 22.775 Thread 0x00007f153c60a800 DEOPT PACKING pc=0x00007f15252f9cb6 sp=0x00007f14d67f2810
Event: 22.775 Thread 0x00007f153c60a800 DEOPT UNPACKING pc=0x00007f152484264a sp=0x00007f14d67f1d48 mode 0
Event: 22.775 Thread 0x00007f153c60a800 DEOPT PACKING pc=0x00007f1525363dee sp=0x00007f14d67f2840
Event: 22.775 Thread 0x00007f153c60a800 DEOPT UNPACKING pc=0x00007f152484264a sp=0x00007f14d67f1d38 mode 0
Event: 22.776 Thread 0x00007f153c60a800 DEOPT PACKING pc=0x00007f15252f9cb6 sp=0x00007f14d67f2810
Event: 22.776 Thread 0x00007f153c60a800 DEOPT UNPACKING pc=0x00007f152484264a sp=0x00007f14d67f1d48 mode 0
Event: 22.776 Thread 0x00007f153c60a800 DEOPT PACKING pc=0x00007f1525363dee sp=0x00007f14d67f2840
Event: 22.776 Thread 0x00007f153c60a800 DEOPT UNPACKING pc=0x00007f152484264a sp=0x00007f14d67f1d38 mode 0
Event: 22.781 Thread 0x00007f153c60a800 DEOPT PACKING pc=0x00007f1524e9620d sp=0x00007f14d67ef740
Event: 22.781 Thread 0x00007f153c60a800 DEOPT UNPACKING pc=0x00007f152484264a sp=0x00007f14d67eec98 mode 0
Event: 22.788 Thread 0x00007f153c60a800 DEOPT PACKING pc=0x00007f1525453163 sp=0x00007f14d67f2f50
Event: 22.788 Thread 0x00007f153c60a800 DEOPT UNPACKING pc=0x00007f152484264a sp=0x00007f14d67f2518 mode 0

Classes redefined (0 events):
No events

Internal exceptions (20 events):
Event: 17.659 Thread 0x00007f14c0005000 Exception <a 'java/io/FileNotFoundException'{0x00000000eba58898}> (0x00000000eba58898) thrown at [./src/hotspot/share/prims/jni.cpp, line 617]
Event: 17.659 Thread 0x00007f14c0005000 Exception <a 'java/io/FileNotFoundException'{0x00000000eba59ec8}> (0x00000000eba59ec8) thrown at [./src/hotspot/share/prims/jni.cpp, line 617]
Event: 17.661 Thread 0x00007f14c0005000 Exception <a 'java/io/FileNotFoundException'{0x00000000eba6c3d8}> (0x00000000eba6c3d8) thrown at [./src/hotspot/share/prims/jni.cpp, line 617]
Event: 17.680 Thread 0x00007f14c0005000 Exception <a 'java/io/FileNotFoundException'{0x00000000ebb406b0}> (0x00000000ebb406b0) thrown at [./src/hotspot/share/prims/jni.cpp, line 617]
Event: 17.680 Thread 0x00007f14c0005000 Exception <a 'java/io/FileNotFoundException'{0x00000000ebb417e0}> (0x00000000ebb417e0) thrown at [./src/hotspot/share/prims/jni.cpp, line 617]
Event: 17.972 Thread 0x00007f14a4001000 Exception <a 'java/io/FileNotFoundException'{0x00000000eb0013e8}> (0x00000000eb0013e8) thrown at [./src/hotspot/share/prims/jni.cpp, line 617]
Event: 17.974 Thread 0x00007f14a4001000 Exception <a 'java/lang/ClassNotFoundException'{0x00000000eb004728}: sun/misc/SharedSecrets> (0x00000000eb004728) thrown at [./src/hotspot/share/classfile/systemDictionary.cpp, line 230]
Event: 19.694 Thread 0x00007f14d8447800 Implicit null exception at 0x00007f152c458bdf to 0x00007f152c458cdc
Event: 21.974 Thread 0x00007f14bc010000 Exception <a 'sun/nio/fs/UnixException'{0x00000000eab13ce8}> (0x00000000eab13ce8) thrown at [./src/hotspot/share/prims/jni.cpp, line 617]
Event: 22.069 Thread 0x00007f14bc010000 Exception <a 'java/lang/NoSuchMethodError'{0x00000000eae63be0}: 'java.lang.Object java.lang.invoke.Invokers$Holder.linkToTargetMethod(java.lang.Object, java.lang.Object, java.lang.Object, java.lang.Object, java.lang.Object, java.lang.Object)'> (0x00000000eae63be0) thrown at [./src/hotspot/share/interpreter/linkResolver.cpp, line 772]
Event: 22.095 Thread 0x00007f14bc010000 Exception <a 'sun/nio/fs/UnixException'{0x00000000eb0f5e58}> (0x00000000eb0f5e58) thrown at [./src/hotspot/share/prims/jni.cpp, line 617]
Event: 22.261 Thread 0x00007f153c60a800 Exception <a 'sun/nio/fs/UnixException'{0x00000000eb62a198}> (0x00000000eb62a198) thrown at [./src/hotspot/share/prims/jni.cpp, line 617]
Event: 22.269 Thread 0x00007f153c60a800 Exception <a 'java/lang/NoSuchMethodError'{0x00000000eb69f7a8}: 'java.lang.Object java.lang.invoke.DirectMethodHandle$Holder.invokeStatic(java.lang.Object, java.lang.Object, int, java.lang.Object)'> (0x00000000eb69f7a8) thrown at [./src/hotspot/share/interpreter/linkResolver.cpp, line 772]
Event: 22.280 Thread 0x00007f153c60a800 Exception <a 'java/lang/NoSuchMethodError'{0x00000000eb6e1248}: 'java.lang.Object java.lang.invoke.Invokers$Holder.linkToTargetMethod(java.lang.Object, int, java.lang.Object)'> (0x00000000eb6e1248) thrown at [./src/hotspot/share/interpreter/linkResolver.cpp, line 772]
Event: 22.297 Thread 0x00007f153c60a800 Exception <a 'java/lang/NoSuchMethodError'{0x00000000eb7d3490}: 'java.lang.Object java.lang.invoke.DirectMethodHandle$Holder.invokeInterface(java.lang.Object, java.lang.Object, java.lang.Object)'> (0x00000000eb7d3490) thrown at [./src/hotspot/share/interpreter/linkResolver.cpp, line 772]
Event: 22.297 Thread 0x00007f14d82cd000 Exception <a 'java/lang/NoSuchMethodError'{0x00000000eb7d6688}: 'java.lang.Object java.lang.invoke.DirectMethodHandle$Holder.invokeSpecial(java.lang.Object, java.lang.Object, java.lang.Object, java.lang.Object, java.lang.Object, java.lang.Object, java.lang.Object, java.lang.Object, java.lang.Object)'> (0x00000000eb7d6688) thrown at [./src/hotspot/share/interpreter/linkResolver.cpp, line 772]
Event: 22.297 Thread 0x00007f14d82cd000 Exception <a 'java/lang/NoSuchMethodError'{0x00000000eb7da330}: 'java.lang.Object java.lang.invoke.Invokers$Holder.linkToTargetMethod(java.lang.Object, java.lang.Object, java.lang.Object, java.lang.Object, java.lang.Object, java.lang.Object, java.lang.Object, java.lang.Object)'> (0x00000000eb7da330) thrown at [./src/hotspot/share/interpreter/linkResolver.cpp, line 772]
Event: 22.502 Thread 0x00007f14a80c5000 Exception <a 'java/io/FileNotFoundException'{0x00000000eb143588}> (0x00000000eb143588) thrown at [./src/hotspot/share/prims/jni.cpp, line 617]
Event: 22.502 Thread 0x00007f14a80c5000 Exception <a 'java/io/FileNotFoundException'{0x00000000eb1aaec8}> (0x00000000eb1aaec8) thrown at [./src/hotspot/share/prims/jni.cpp, line 617]
Event: 22.505 Thread 0x00007f14a80c5000 Exception <a 'java/io/FileNotFoundException'{0x00000000eb1ac2a0}> (0x00000000eb1ac2a0) thrown at [./src/hotspot/share/prims/jni.cpp, line 617]

Events (20 events):
Event: 22.497 Executing VM operation: RevokeBias
Event: 22.499 Executing VM operation: RevokeBias done
Event: 22.658 Executing VM operation: ParallelGCFailedAllocation
Event: 22.669 Executing VM operation: ParallelGCFailedAllocation done
Event: 22.675 Executing VM operation: RevokeBias
Event: 22.679 Executing VM operation: RevokeBias done
Event: 22.679 Executing VM operation: RevokeBias
Event: 22.679 Executing VM operation: RevokeBias done
Event: 22.679 Thread 0x00007f153c38f800 Thread exited: 0x00007f153c38f800
Event: 22.679 Thread 0x00007f14e8001800 Thread exited: 0x00007f14e8001800
Event: 22.771 loading class org/eclipse/jdt/internal/compiler/problem/messages
Event: 22.771 loading class org/eclipse/jdt/internal/compiler/problem/messages done
Event: 22.777 loading class org/eclipse/jdt/internal/compiler/problem/messages_en
Event: 22.777 loading class org/eclipse/jdt/internal/compiler/problem/messages_en done
Event: 22.777 loading class org/eclipse/jdt/internal/compiler/problem/messages_en_US
Event: 22.777 loading class org/eclipse/jdt/internal/compiler/problem/messages_en_US done
Event: 22.860 Executing VM operation: Deoptimize
Event: 22.871 Executing VM operation: Deoptimize done
Event: 22.896 Executing VM operation: ParallelGCFailedAllocation
Event: 22.914 Executing VM operation: ParallelGCFailedAllocation done


Dynamic libraries:
c0000000-c4300000 rw-p 00000000 00:00 0 
c4300000-eab00000 ---p 00000000 00:00 0 
eab00000-ebe80000 rw-p 00000000 00:00 0 
ebe80000-100000000 ---p 00000000 00:00 0 
800000000-800002000 rwxp 00001000 08:01 420991                           /usr/lib/jvm/java-11-openjdk-amd64/lib/server/classes.jsa
800002000-8003cc000 rw-p 00003000 08:01 420991                           /usr/lib/jvm/java-11-openjdk-amd64/lib/server/classes.jsa
8003cc000-800a9d000 r--p 003cd000 08:01 420991                           /usr/lib/jvm/java-11-openjdk-amd64/lib/server/classes.jsa
800a9d000-800a9e000 rw-p 00a9e000 08:01 420991                           /usr/lib/jvm/java-11-openjdk-amd64/lib/server/classes.jsa
840000000-840560000 rw-p 00000000 00:00 0 
840560000-880000000 ---p 00000000 00:00 0 
55c7672b5000-55c7672b6000 r--p 00000000 08:01 420621                     /usr/lib/jvm/java-11-openjdk-amd64/bin/java
55c7672b6000-55c7672b7000 r-xp 00001000 08:01 420621                     /usr/lib/jvm/java-11-openjdk-amd64/bin/java
55c7672b7000-55c7672b8000 r--p 00002000 08:01 420621                     /usr/lib/jvm/java-11-openjdk-amd64/bin/java
55c7672b8000-55c7672b9000 r--p 00002000 08:01 420621                     /usr/lib/jvm/java-11-openjdk-amd64/bin/java
55c7672b9000-55c7672ba000 rw-p 00003000 08:01 420621                     /usr/lib/jvm/java-11-openjdk-amd64/bin/java
55c7684dc000-55c768544000 rw-p 00000000 00:00 0                          [heap]
7f149b7f8000-7f14a4000000 r--s 00000000 08:01 420980                     /usr/lib/jvm/java-11-openjdk-amd64/lib/modules
7f14a4000000-7f14a416d000 rw-p 00000000 00:00 0 
7f14a416d000-7f14a8000000 ---p 00000000 00:00 0 
7f14a8000000-7f14a82f5000 rw-p 00000000 00:00 0 
7f14a82f5000-7f14ac000000 ---p 00000000 00:00 0 
7f14ac000000-7f14ac021000 rw-p 00000000 00:00 0 
7f14ac021000-7f14b0000000 ---p 00000000 00:00 0 
7f14b0000000-7f14b0032000 rw-p 00000000 00:00 0 
7f14b0032000-7f14b4000000 ---p 00000000 00:00 0 
7f14b4000000-7f14b404f000 rw-p 00000000 00:00 0 
7f14b404f000-7f14b8000000 ---p 00000000 00:00 0 
7f14b8000000-7f14b8021000 rw-p 00000000 00:00 0 
7f14b8021000-7f14bc000000 ---p 00000000 00:00 0 
7f14bc000000-7f14bc3a4000 rw-p 00000000 00:00 0 
7f14bc3a4000-7f14c0000000 ---p 00000000 00:00 0 
7f14c0000000-7f14c003c000 rw-p 00000000 00:00 0 
7f14c003c000-7f14c4000000 ---p 00000000 00:00 0 
7f14c4000000-7f14c4100000 rw-p 00000000 00:00 0 
7f14c4100000-7f14c8000000 ---p 00000000 00:00 0 
7f14c8000000-7f14c8021000 rw-p 00000000 00:00 0 
7f14c8021000-7f14cc000000 ---p 00000000 00:00 0 
7f14cc000000-7f14cc021000 rw-p 00000000 00:00 0 
7f14cc021000-7f14d0000000 ---p 00000000 00:00 0 
7f14d0000000-7f14d0027000 rw-p 00000000 00:00 0 
7f14d0027000-7f14d4000000 ---p 00000000 00:00 0 
7f14d4ff2000-7f14d5032000 rw-p 00000000 00:00 0 
7f14d5032000-7f14d51f2000 ---p 00000000 00:00 0 
7f14d51f2000-7f14d51f6000 ---p 00000000 00:00 0 
7f14d51f6000-7f14d54f3000 rw-p 00000000 00:00 0 
7f14d54f3000-7f14d54f7000 ---p 00000000 00:00 0 
7f14d54f7000-7f14d57f4000 rw-p 00000000 00:00 0 
7f14d57f4000-7f14d59f4000 rw-p 00000000 00:00 0 
7f14d59f4000-7f14d5bf4000 rw-p 00000000 00:00 0 
7f14d5bf4000-7f14d5df4000 rw-p 00000000 00:00 0 
7f14d5df4000-7f14d5df8000 ---p 00000000 00:00 0 
7f14d5df8000-7f14d60f5000 rw-p 00000000 00:00 0 
7f14d60f5000-7f14d62f5000 rw-p 00000000 00:00 0 
7f14d62f5000-7f14d64f5000 rw-p 00000000 00:00 0 
7f14d64f5000-7f14d66f5000 rw-p 00000000 00:00 0 
7f14d66f5000-7f14d66f9000 ---p 00000000 00:00 0 
7f14d66f9000-7f14d67f6000 rw-p 00000000 00:00 0 
7f14d67f6000-7f14d67fa000 ---p 00000000 00:00 0 
7f14d67fa000-7f14d68f7000 rw-p 00000000 00:00 0 
7f14d68f7000-7f14d68fb000 ---p 00000000 00:00 0 
7f14d68fb000-7f14d6bf8000 rw-p 00000000 00:00 0 
7f14d6bf8000-7f14d6bfc000 ---p 00000000 00:00 0 
7f14d6bfc000-7f14d6ee5000 rw-p 00000000 00:00 0 
7f14d6ee5000-7f14d6ef9000 ---p 00000000 00:00 0 
7f14d6ef9000-7f14d6efd000 ---p 00000000 00:00 0 
7f14d6efd000-7f14d71fa000 rw-p 00000000 00:00 0 
7f14d71fa000-7f14d71fe000 ---p 00000000 00:00 0 
7f14d71fe000-7f14d74fb000 rw-p 00000000 00:00 0 
7f14d74fb000-7f14d74ff000 ---p 00000000 00:00 0 
7f14d74ff000-7f14d75fc000 rw-p 00000000 00:00 0 
7f14d75fc000-7f14d7600000 ---p 00000000 00:00 0 
7f14d7600000-7f14d78fd000 rw-p 00000000 00:00 0 
7f14d78fd000-7f14d7901000 ---p 00000000 00:00 0 
7f14d7901000-7f14d7bfe000 rw-p 00000000 00:00 0 
7f14d7bfe000-7f14d7c02000 ---p 00000000 00:00 0 
7f14d7c02000-7f14d7eff000 rw-p 00000000 00:00 0 
7f14d7eff000-7f14d7f03000 ---p 00000000 00:00 0 
7f14d7f03000-7f14d8000000 rw-p 00000000 00:00 0 
7f14d8000000-7f14d86fc000 rw-p 00000000 00:00 0 
7f14d86fc000-7f14dc000000 ---p 00000000 00:00 0 
7f14dc000000-7f14dc021000 rw-p 00000000 00:00 0 
7f14dc021000-7f14e0000000 ---p 00000000 00:00 0 
7f14e0000000-7f14e0021000 rw-p 00000000 00:00 0 
7f14e0021000-7f14e4000000 ---p 00000000 00:00 0 
7f14e4000000-7f14e4021000 rw-p 00000000 00:00 0 
7f14e4021000-7f14e8000000 ---p 00000000 00:00 0 
7f14e8000000-7f14e8021000 rw-p 00000000 00:00 0 
7f14e8021000-7f14ec000000 ---p 00000000 00:00 0 
7f14ec000000-7f14ec021000 rw-p 00000000 00:00 0 
7f14ec021000-7f14f0000000 ---p 00000000 00:00 0 
7f14f0000000-7f14f0021000 rw-p 00000000 00:00 0 
7f14f0021000-7f14f4000000 ---p 00000000 00:00 0 
7f14f4000000-7f14f4021000 rw-p 00000000 00:00 0 
7f14f4021000-7f14f8000000 ---p 00000000 00:00 0 
7f14f8000000-7f14f8021000 rw-p 00000000 00:00 0 
7f14f8021000-7f14fc000000 ---p 00000000 00:00 0 
7f14fc000000-7f14fc021000 rw-p 00000000 00:00 0 
7f14fc021000-7f1500000000 ---p 00000000 00:00 0 
7f1500000000-7f1501659000 rw-p 00000000 00:00 0 
7f1501659000-7f1504000000 ---p 00000000 00:00 0 
7f1504000000-7f1504e56000 rw-p 00000000 00:00 0 
7f1504e56000-7f1508000000 ---p 00000000 00:00 0 
7f1508000000-7f1508021000 rw-p 00000000 00:00 0 
7f1508021000-7f150c000000 ---p 00000000 00:00 0 
7f150c000000-7f150c021000 rw-p 00000000 00:00 0 
7f150c021000-7f1510000000 ---p 00000000 00:00 0 
7f1510000000-7f1510021000 rw-p 00000000 00:00 0 
7f1510021000-7f1514000000 ---p 00000000 00:00 0 
7f1514000000-7f1514021000 rw-p 00000000 00:00 0 
7f1514021000-7f1518000000 ---p 00000000 00:00 0 
7f1518000000-7f15181b8000 rw-p 00000000 00:00 0 
7f15181b8000-7f151c000000 ---p 00000000 00:00 0 
7f151c0f3000-7f151c103000 r-xp 00000000 08:01 660261                     /home/coder/.local/share/code-server/User/globalStorage/redhat.java/0.81.0/config_linux/org.eclipse.equinox.launcher/org.eclipse.equinox.launcher.gtk.linux.x86_64_1.2.300.v20210622-1446/eclipse_11501.so
7f151c103000-7f151c302000 ---p 00010000 08:01 660261                     /home/coder/.local/share/code-server/User/globalStorage/redhat.java/0.81.0/config_linux/org.eclipse.equinox.launcher/org.eclipse.equinox.launcher.gtk.linux.x86_64_1.2.300.v20210622-1446/eclipse_11501.so
7f151c302000-7f151c303000 r--p 0000f000 08:01 660261                     /home/coder/.local/share/code-server/User/globalStorage/redhat.java/0.81.0/config_linux/org.eclipse.equinox.launcher/org.eclipse.equinox.launcher.gtk.linux.x86_64_1.2.300.v20210622-1446/eclipse_11501.so
7f151c303000-7f151c304000 rw-p 00010000 08:01 660261                     /home/coder/.local/share/code-server/User/globalStorage/redhat.java/0.81.0/config_linux/org.eclipse.equinox.launcher/org.eclipse.equinox.launcher.gtk.linux.x86_64_1.2.300.v20210622-1446/eclipse_11501.so
7f151c304000-7f151c308000 ---p 00000000 00:00 0 
7f151c308000-7f151c405000 rw-p 00000000 00:00 0 
7f151c405000-7f151c406000 ---p 00000000 00:00 0 
7f151c406000-7f151c507000 rw-p 00000000 00:00 0 
7f151c507000-7f151c50b000 ---p 00000000 00:00 0 
7f151c50b000-7f151c608000 rw-p 00000000 00:00 0 
7f151c608000-7f151c60c000 ---p 00000000 00:00 0 
7f151c60c000-7f151c709000 rw-p 00000000 00:00 0 
7f151c709000-7f151c70d000 ---p 00000000 00:00 0 
7f151c70d000-7f151c80a000 rw-p 00000000 00:00 0 
7f151c80a000-7f151c80e000 ---p 00000000 00:00 0 
7f151c80e000-7f151c90b000 rw-p 00000000 00:00 0 
7f151c90b000-7f151c90f000 ---p 00000000 00:00 0 
7f151c90f000-7f151ca0c000 rw-p 00000000 00:00 0 
7f151ca0c000-7f151ca0d000 ---p 00000000 00:00 0 
7f151ca0d000-7f151cb0e000 rw-p 00000000 00:00 0 
7f151cb0e000-7f151cb12000 ---p 00000000 00:00 0 
7f151cb12000-7f151cc0f000 rw-p 00000000 00:00 0 
7f151cc0f000-7f151cc13000 ---p 00000000 00:00 0 
7f151cc13000-7f151cd10000 rw-p 00000000 00:00 0 
7f151cd10000-7f151cd14000 ---p 00000000 00:00 0 
7f151cd14000-7f151ce11000 rw-p 00000000 00:00 0 
7f151ce11000-7f151ce15000 ---p 00000000 00:00 0 
7f151ce15000-7f151cf12000 rw-p 00000000 00:00 0 
7f151cf12000-7f151cf16000 ---p 00000000 00:00 0 
7f151cf16000-7f151d013000 rw-p 00000000 00:00 0 
7f151d013000-7f151d017000 ---p 00000000 00:00 0 
7f151d017000-7f151d114000 rw-p 00000000 00:00 0 
7f151d114000-7f151d3fb000 r--p 00000000 08:01 408642                     /usr/lib/locale/locale-archive
7f151d3fb000-7f151d3ff000 ---p 00000000 00:00 0 
7f151d3ff000-7f151d4fc000 rw-p 00000000 00:00 0 
7f151d4fc000-7f151d500000 ---p 00000000 00:00 0 
7f151d500000-7f151d5fd000 rw-p 00000000 00:00 0 
7f151d5fd000-7f151d5fe000 ---p 00000000 00:00 0 
7f151d5fe000-7f1520000000 rw-p 00000000 00:00 0 
7f1520000000-7f1520021000 rw-p 00000000 00:00 0 
7f1520021000-7f1524000000 ---p 00000000 00:00 0 
7f1524090000-7f1524097000 r--s 00000000 08:01 392743                     /usr/lib/x86_64-linux-gnu/gconv/gconv-modules.cache
7f1524097000-7f152409b000 r--p 00000000 08:01 392081                     /lib/x86_64-linux-gnu/libresolv-2.31.so
7f152409b000-7f15240a9000 r-xp 00004000 08:01 392081                     /lib/x86_64-linux-gnu/libresolv-2.31.so
7f15240a9000-7f15240ad000 r--p 00012000 08:01 392081                     /lib/x86_64-linux-gnu/libresolv-2.31.so
7f15240ad000-7f15240ae000 r--p 00015000 08:01 392081                     /lib/x86_64-linux-gnu/libresolv-2.31.so
7f15240ae000-7f15240af000 rw-p 00016000 08:01 392081                     /lib/x86_64-linux-gnu/libresolv-2.31.so
7f15240af000-7f15240b1000 rw-p 00000000 00:00 0 
7f15240b1000-7f15240b2000 r--p 00000000 08:01 392064                     /lib/x86_64-linux-gnu/libnss_dns-2.31.so
7f15240b2000-7f15240b6000 r-xp 00001000 08:01 392064                     /lib/x86_64-linux-gnu/libnss_dns-2.31.so
7f15240b6000-7f15240b7000 r--p 00005000 08:01 392064                     /lib/x86_64-linux-gnu/libnss_dns-2.31.so
7f15240b7000-7f15240b8000 r--p 00005000 08:01 392064                     /lib/x86_64-linux-gnu/libnss_dns-2.31.so
7f15240b8000-7f15240b9000 rw-p 00006000 08:01 392064                     /lib/x86_64-linux-gnu/libnss_dns-2.31.so
7f15240bf000-7f15240c7000 r--p 00000000 08:01 420976                     /usr/lib/jvm/java-11-openjdk-amd64/lib/libsunec.so
7f15240c7000-7f15240e0000 r-xp 00008000 08:01 420976                     /usr/lib/jvm/java-11-openjdk-amd64/lib/libsunec.so
7f15240e0000-7f15240ea000 r--p 00021000 08:01 420976                     /usr/lib/jvm/java-11-openjdk-amd64/lib/libsunec.so
7f15240ea000-7f15240eb000 ---p 0002b000 08:01 420976                     /usr/lib/jvm/java-11-openjdk-amd64/lib/libsunec.so
7f15240eb000-7f15240ef000 r--p 0002b000 08:01 420976                     /usr/lib/jvm/java-11-openjdk-amd64/lib/libsunec.so
7f15240ef000-7f15240f1000 rw-p 0002f000 08:01 420976                     /usr/lib/jvm/java-11-openjdk-amd64/lib/libsunec.so
7f15240f1000-7f15247f8000 rw-p 00000000 00:00 0 
7f15247f8000-7f1524a68000 rwxp 00000000 00:00 0 
7f1524a68000-7f1524d87000 ---p 00000000 00:00 0 
7f1524d87000-7f15259a7000 rwxp 00000000 00:00 0 
7f15259a7000-7f152c2bf000 ---p 00000000 00:00 0 
7f152c2bf000-7f152c52f000 rwxp 00000000 00:00 0 
7f152c52f000-7f15337f8000 ---p 00000000 00:00 0 
7f15337f8000-7f153c000000 r--s 00000000 08:01 420980                     /usr/lib/jvm/java-11-openjdk-amd64/lib/modules
7f153c000000-7f153c6ba000 rw-p 00000000 00:00 0 
7f153c6ba000-7f1540000000 ---p 00000000 00:00 0 
7f1540002000-7f1540006000 ---p 00000000 00:00 0 
7f1540006000-7f1540024000 rw-p 00000000 00:00 0 
7f1540024000-7f1540028000 r--p 00000000 08:01 420969                     /usr/lib/jvm/java-11-openjdk-amd64/lib/libnet.so
7f1540028000-7f1540036000 r-xp 00004000 08:01 420969                     /usr/lib/jvm/java-11-openjdk-amd64/lib/libnet.so
7f1540036000-7f154003a000 r--p 00012000 08:01 420969                     /usr/lib/jvm/java-11-openjdk-amd64/lib/libnet.so
7f154003a000-7f154003b000 r--p 00015000 08:01 420969                     /usr/lib/jvm/java-11-openjdk-amd64/lib/libnet.so
7f154003b000-7f154003c000 rw-p 00016000 08:01 420969                     /usr/lib/jvm/java-11-openjdk-amd64/lib/libnet.so
7f154003c000-7f1540043000 r--p 00000000 08:01 420970                     /usr/lib/jvm/java-11-openjdk-amd64/lib/libnio.so
7f1540043000-7f154004a000 r-xp 00007000 08:01 420970                     /usr/lib/jvm/java-11-openjdk-amd64/lib/libnio.so
7f154004a000-7f154004d000 r--p 0000e000 08:01 420970                     /usr/lib/jvm/java-11-openjdk-amd64/lib/libnio.so
7f154004d000-7f154004e000 r--p 00010000 08:01 420970                     /usr/lib/jvm/java-11-openjdk-amd64/lib/libnio.so
7f154004e000-7f154004f000 rw-p 00011000 08:01 420970                     /usr/lib/jvm/java-11-openjdk-amd64/lib/libnio.so
7f154004f000-7f1540440000 rw-p 00000000 00:00 0 
7f1540440000-7f1540441000 ---p 00000000 00:00 0 
7f1540441000-7f1540564000 rw-p 00000000 00:00 0 
7f1540564000-7f1540698000 ---p 00000000 00:00 0 
7f1540698000-7f15406ba000 rw-p 00000000 00:00 0 
7f15406ba000-7f15407ed000 ---p 00000000 00:00 0 
7f15407ed000-7f15407f8000 rw-p 00000000 00:00 0 
7f15407f8000-7f1540898000 ---p 00000000 00:00 0 
7f1540898000-7f154089e000 rw-p 00000000 00:00 0 
7f154089e000-7f1540984000 ---p 00000000 00:00 0 
7f1540984000-7f154099d000 rw-p 00000000 00:00 0 
7f154099d000-7f1540a6f000 ---p 00000000 00:00 0 
7f1540a6f000-7f1540a74000 rw-p 00000000 00:00 0 
7f1540a74000-7f1540a7b000 ---p 00000000 00:00 0 
7f1540a7b000-7f1540a7d000 r--p 00000000 08:01 420979                     /usr/lib/jvm/java-11-openjdk-amd64/lib/libzip.so
7f1540a7d000-7f1540a81000 r-xp 00002000 08:01 420979                     /usr/lib/jvm/java-11-openjdk-amd64/lib/libzip.so
7f1540a81000-7f1540a83000 r--p 00006000 08:01 420979                     /usr/lib/jvm/java-11-openjdk-amd64/lib/libzip.so
7f1540a83000-7f1540a84000 r--p 00007000 08:01 420979                     /usr/lib/jvm/java-11-openjdk-amd64/lib/libzip.so
7f1540a84000-7f1540a85000 rw-p 00008000 08:01 420979                     /usr/lib/jvm/java-11-openjdk-amd64/lib/libzip.so
7f1540a85000-7f1540a8d000 rw-s 00000000 08:01 660251                     /tmp/hsperfdata_coder/423
7f1540a8d000-7f1540a90000 r--p 00000000 08:01 392066                     /lib/x86_64-linux-gnu/libnss_files-2.31.so
7f1540a90000-7f1540a97000 r-xp 00003000 08:01 392066                     /lib/x86_64-linux-gnu/libnss_files-2.31.so
7f1540a97000-7f1540a99000 r--p 0000a000 08:01 392066                     /lib/x86_64-linux-gnu/libnss_files-2.31.so
7f1540a99000-7f1540a9a000 r--p 0000b000 08:01 392066                     /lib/x86_64-linux-gnu/libnss_files-2.31.so
7f1540a9a000-7f1540a9b000 rw-p 0000c000 08:01 392066                     /lib/x86_64-linux-gnu/libnss_files-2.31.so
7f1540a9b000-7f1540aa1000 rw-p 00000000 00:00 0 
7f1540aa2000-7f1540aa3000 r--p 00000000 08:01 420950                     /usr/lib/jvm/java-11-openjdk-amd64/lib/libextnet.so
7f1540aa3000-7f1540aa4000 r-xp 00001000 08:01 420950                     /usr/lib/jvm/java-11-openjdk-amd64/lib/libextnet.so
7f1540aa4000-7f1540aa5000 r--p 00002000 08:01 420950                     /usr/lib/jvm/java-11-openjdk-amd64/lib/libextnet.so
7f1540aa5000-7f1540aa6000 r--p 00002000 08:01 420950                     /usr/lib/jvm/java-11-openjdk-amd64/lib/libextnet.so
7f1540aa6000-7f1540aa7000 rw-p 00003000 08:01 420950                     /usr/lib/jvm/java-11-openjdk-amd64/lib/libextnet.so
7f1540aa7000-7f1540aa9000 r--p 00000000 08:01 420961                     /usr/lib/jvm/java-11-openjdk-amd64/lib/libjimage.so
7f1540aa9000-7f1540aac000 r-xp 00002000 08:01 420961                     /usr/lib/jvm/java-11-openjdk-amd64/lib/libjimage.so
7f1540aac000-7f1540aad000 r--p 00005000 08:01 420961                     /usr/lib/jvm/java-11-openjdk-amd64/lib/libjimage.so
7f1540aad000-7f1540aae000 ---p 00006000 08:01 420961                     /usr/lib/jvm/java-11-openjdk-amd64/lib/libjimage.so
7f1540aae000-7f1540aaf000 r--p 00006000 08:01 420961                     /usr/lib/jvm/java-11-openjdk-amd64/lib/libjimage.so
7f1540aaf000-7f1540ab0000 rw-p 00007000 08:01 420961                     /usr/lib/jvm/java-11-openjdk-amd64/lib/libjimage.so
7f1540ab0000-7f1540abe000 r--p 00000000 08:01 420957                     /usr/lib/jvm/java-11-openjdk-amd64/lib/libjava.so
7f1540abe000-7f1540ad3000 r-xp 0000e000 08:01 420957                     /usr/lib/jvm/java-11-openjdk-amd64/lib/libjava.so
7f1540ad3000-7f1540ada000 r--p 00023000 08:01 420957                     /usr/lib/jvm/java-11-openjdk-amd64/lib/libjava.so
7f1540ada000-7f1540adb000 r--p 00029000 08:01 420957                     /usr/lib/jvm/java-11-openjdk-amd64/lib/libjava.so
7f1540adb000-7f1540adc000 rw-p 0002a000 08:01 420957                     /usr/lib/jvm/java-11-openjdk-amd64/lib/libjava.so
7f1540adc000-7f1540add000 rw-p 00000000 00:00 0 
7f1540add000-7f1540ae2000 r--p 00000000 08:01 420978                     /usr/lib/jvm/java-11-openjdk-amd64/lib/libverify.so
7f1540ae2000-7f1540ae9000 r-xp 00005000 08:01 420978                     /usr/lib/jvm/java-11-openjdk-amd64/lib/libverify.so
7f1540ae9000-7f1540aeb000 r--p 0000c000 08:01 420978                     /usr/lib/jvm/java-11-openjdk-amd64/lib/libverify.so
7f1540aeb000-7f1540aec000 ---p 0000e000 08:01 420978                     /usr/lib/jvm/java-11-openjdk-amd64/lib/libverify.so
7f1540aec000-7f1540aee000 r--p 0000e000 08:01 420978                     /usr/lib/jvm/java-11-openjdk-amd64/lib/libverify.so
7f1540aee000-7f1540aef000 rw-p 00010000 08:01 420978                     /usr/lib/jvm/java-11-openjdk-amd64/lib/libverify.so
7f1540aef000-7f1540af1000 r--p 00000000 08:01 392083                     /lib/x86_64-linux-gnu/librt-2.31.so
7f1540af1000-7f1540af5000 r-xp 00002000 08:01 392083                     /lib/x86_64-linux-gnu/librt-2.31.so
7f1540af5000-7f1540af7000 r--p 00006000 08:01 392083                     /lib/x86_64-linux-gnu/librt-2.31.so
7f1540af7000-7f1540af8000 r--p 00007000 08:01 392083                     /lib/x86_64-linux-gnu/librt-2.31.so
7f1540af8000-7f1540af9000 rw-p 00008000 08:01 392083                     /lib/x86_64-linux-gnu/librt-2.31.so
7f1540af9000-7f1540afd000 ---p 00000000 00:00 0 
7f1540afd000-7f1540bfa000 rw-p 00000000 00:00 0 
7f1540bfa000-7f1540bfd000 r--p 00000000 08:01 392048                     /lib/x86_64-linux-gnu/libgcc_s.so.1
7f1540bfd000-7f1540c0e000 r-xp 00003000 08:01 392048                     /lib/x86_64-linux-gnu/libgcc_s.so.1
7f1540c0e000-7f1540c12000 r--p 00014000 08:01 392048                     /lib/x86_64-linux-gnu/libgcc_s.so.1
7f1540c12000-7f1540c13000 r--p 00017000 08:01 392048                     /lib/x86_64-linux-gnu/libgcc_s.so.1
7f1540c13000-7f1540c14000 rw-p 00018000 08:01 392048                     /lib/x86_64-linux-gnu/libgcc_s.so.1
7f1540c14000-7f1540c21000 r--p 00000000 08:01 392055                     /lib/x86_64-linux-gnu/libm-2.31.so
7f1540c21000-7f1540cbb000 r-xp 0000d000 08:01 392055                     /lib/x86_64-linux-gnu/libm-2.31.so
7f1540cbb000-7f1540d56000 r--p 000a7000 08:01 392055                     /lib/x86_64-linux-gnu/libm-2.31.so
7f1540d56000-7f1540d57000 r--p 00141000 08:01 392055                     /lib/x86_64-linux-gnu/libm-2.31.so
7f1540d57000-7f1540d58000 rw-p 00142000 08:01 392055                     /lib/x86_64-linux-gnu/libm-2.31.so
7f1540d58000-7f1540dee000 r--p 00000000 08:01 392810                     /usr/lib/x86_64-linux-gnu/libstdc++.so.6.0.28
7f1540dee000-7f1540eca000 r-xp 00096000 08:01 392810                     /usr/lib/x86_64-linux-gnu/libstdc++.so.6.0.28
7f1540eca000-7f1540f14000 r--p 00172000 08:01 392810                     /usr/lib/x86_64-linux-gnu/libstdc++.so.6.0.28
7f1540f14000-7f1540f1f000 r--p 001bb000 08:01 392810                     /usr/lib/x86_64-linux-gnu/libstdc++.so.6.0.28
7f1540f1f000-7f1540f22000 rw-p 001c6000 08:01 392810                     /usr/lib/x86_64-linux-gnu/libstdc++.so.6.0.28
7f1540f22000-7f1540f25000 rw-p 00000000 00:00 0 
7f1540f25000-7f15411a7000 r--p 00000000 08:01 420993                     /usr/lib/jvm/java-11-openjdk-amd64/lib/server/libjvm.so
7f15411a7000-7f1541e07000 r-xp 00282000 08:01 420993                     /usr/lib/jvm/java-11-openjdk-amd64/lib/server/libjvm.so
7f1541e07000-7f1542069000 r--p 00ee2000 08:01 420993                     /usr/lib/jvm/java-11-openjdk-amd64/lib/server/libjvm.so
7f1542069000-7f154212d000 r--p 01143000 08:01 420993                     /usr/lib/jvm/java-11-openjdk-amd64/lib/server/libjvm.so
7f154212d000-7f1542168000 rw-p 01207000 08:01 420993                     /usr/lib/jvm/java-11-openjdk-amd64/lib/server/libjvm.so
7f1542168000-7f15421c1000 rw-p 00000000 00:00 0 
7f15421c1000-7f15421c7000 r--p 00000000 08:01 392079                     /lib/x86_64-linux-gnu/libpthread-2.31.so
7f15421c7000-7f15421d7000 r-xp 00006000 08:01 392079                     /lib/x86_64-linux-gnu/libpthread-2.31.so
7f15421d7000-7f15421dd000 r--p 00016000 08:01 392079                     /lib/x86_64-linux-gnu/libpthread-2.31.so
7f15421dd000-7f15421de000 r--p 0001b000 08:01 392079                     /lib/x86_64-linux-gnu/libpthread-2.31.so
7f15421de000-7f15421df000 rw-p 0001c000 08:01 392079                     /lib/x86_64-linux-gnu/libpthread-2.31.so
7f15421df000-7f15421e3000 rw-p 00000000 00:00 0 
7f15421e3000-7f15421e4000 r--p 00000000 08:01 392042                     /lib/x86_64-linux-gnu/libdl-2.31.so
7f15421e4000-7f15421e6000 r-xp 00001000 08:01 392042                     /lib/x86_64-linux-gnu/libdl-2.31.so
7f15421e6000-7f15421e7000 r--p 00003000 08:01 392042                     /lib/x86_64-linux-gnu/libdl-2.31.so
7f15421e7000-7f15421e8000 r--p 00003000 08:01 392042                     /lib/x86_64-linux-gnu/libdl-2.31.so
7f15421e8000-7f15421e9000 rw-p 00004000 08:01 392042                     /lib/x86_64-linux-gnu/libdl-2.31.so
7f15421e9000-7f15421ec000 r--p 00000000 08:01 392098                     /lib/x86_64-linux-gnu/libz.so.1.2.11
7f15421ec000-7f15421fd000 r-xp 00003000 08:01 392098                     /lib/x86_64-linux-gnu/libz.so.1.2.11
7f15421fd000-7f1542203000 r--p 00014000 08:01 392098                     /lib/x86_64-linux-gnu/libz.so.1.2.11
7f1542203000-7f1542204000 ---p 0001a000 08:01 392098                     /lib/x86_64-linux-gnu/libz.so.1.2.11
7f1542204000-7f1542205000 r--p 0001a000 08:01 392098                     /lib/x86_64-linux-gnu/libz.so.1.2.11
7f1542205000-7f1542206000 rw-p 0001b000 08:01 392098                     /lib/x86_64-linux-gnu/libz.so.1.2.11
7f1542206000-7f1542228000 r--p 00000000 08:01 392034                     /lib/x86_64-linux-gnu/libc-2.31.so
7f1542228000-7f1542382000 r-xp 00022000 08:01 392034                     /lib/x86_64-linux-gnu/libc-2.31.so
7f1542382000-7f15423d1000 r--p 0017c000 08:01 392034                     /lib/x86_64-linux-gnu/libc-2.31.so
7f15423d1000-7f15423d5000 r--p 001ca000 08:01 392034                     /lib/x86_64-linux-gnu/libc-2.31.so
7f15423d5000-7f15423d7000 rw-p 001ce000 08:01 392034                     /lib/x86_64-linux-gnu/libc-2.31.so
7f15423d7000-7f15423db000 rw-p 00000000 00:00 0 
7f15423df000-7f15423e0000 ---p 00000000 00:00 0 
7f15423e0000-7f15423e1000 r--p 00000000 00:00 0 
7f15423e1000-7f15423e4000 r--p 00000000 08:01 420939                     /usr/lib/jvm/java-11-openjdk-amd64/lib/jli/libjli.so
7f15423e4000-7f15423ee000 r-xp 00003000 08:01 420939                     /usr/lib/jvm/java-11-openjdk-amd64/lib/jli/libjli.so
7f15423ee000-7f15423f1000 r--p 0000d000 08:01 420939                     /usr/lib/jvm/java-11-openjdk-amd64/lib/jli/libjli.so
7f15423f1000-7f15423f2000 ---p 00010000 08:01 420939                     /usr/lib/jvm/java-11-openjdk-amd64/lib/jli/libjli.so
7f15423f2000-7f15423f3000 r--p 00010000 08:01 420939                     /usr/lib/jvm/java-11-openjdk-amd64/lib/jli/libjli.so
7f15423f3000-7f15423f4000 rw-p 00011000 08:01 420939                     /usr/lib/jvm/java-11-openjdk-amd64/lib/jli/libjli.so
7f15423f4000-7f15423f6000 rw-p 00000000 00:00 0 
7f15423f6000-7f15423f7000 r--p 00000000 08:01 392022                     /lib/x86_64-linux-gnu/ld-2.31.so
7f15423f7000-7f1542417000 r-xp 00001000 08:01 392022                     /lib/x86_64-linux-gnu/ld-2.31.so
7f1542417000-7f154241f000 r--p 00021000 08:01 392022                     /lib/x86_64-linux-gnu/ld-2.31.so
7f1542420000-7f1542421000 r--p 00029000 08:01 392022                     /lib/x86_64-linux-gnu/ld-2.31.so
7f1542421000-7f1542422000 rw-p 0002a000 08:01 392022                     /lib/x86_64-linux-gnu/ld-2.31.so
7f1542422000-7f1542423000 rw-p 00000000 00:00 0 
7ffd2e87d000-7ffd2e89e000 rw-p 00000000 00:00 0                          [stack]
7ffd2e8c6000-7ffd2e8ca000 r--p 00000000 00:00 0                          [vvar]
7ffd2e8ca000-7ffd2e8cc000 r-xp 00000000 00:00 0                          [vdso]
ffffffffff600000-ffffffffff601000 r-xp 00000000 00:00 0                  [vsyscall]


VM Arguments:
jvm_args: --add-modules=ALL-SYSTEM --add-opens=java.base/java.util=ALL-UNNAMED --add-opens=java.base/java.lang=ALL-UNNAMED -Declipse.application=org.eclipse.jdt.ls.core.id1 -Dosgi.bundles.defaultStartLevel=4 -Declipse.product=org.eclipse.jdt.ls.core.product -Dfile.encoding=utf8 -XX:+UseParallelGC -XX:GCTimeRatio=4 -XX:AdaptiveSizePolicyWeight=90 -Dsun.zip.disableMemoryMapping=true -Xmx1G -Xms100m -Xverify:none 
java_command: /home/coder/.config/extensions/redhat.java-0.81.0/server/plugins/org.eclipse.equinox.launcher_1.6.200.v20210416-2027.jar -configuration /home/coder/.local/share/code-server/User/globalStorage/redhat.java/0.81.0/config_linux -data /home/coder/.local/share/code-server/User/workspaceStorage/55ead64e/redhat.java/jdt_ws
java_class_path (initial): /home/coder/.config/extensions/redhat.java-0.81.0/server/plugins/org.eclipse.equinox.launcher_1.6.200.v20210416-2027.jar
Launcher Type: SUN_STANDARD

[Global flags]
    uintx AdaptiveSizePolicyWeight                 = 90                                        {product} {command line}
     bool BytecodeVerificationLocal                = false                                     {product} {command line}
     bool BytecodeVerificationRemote               = false                                     {product} {command line}
     intx CICompilerCount                          = 2                                         {product} {ergonomic}
    uintx GCTimeRatio                              = 4                                         {product} {command line}
   size_t InitialHeapSize                          = 104857600                                 {product} {command line}
   size_t MaxHeapSize                              = 1073741824                                {product} {command line}
   size_t MaxNewSize                               = 357564416                                 {product} {ergonomic}
   size_t MinHeapDeltaBytes                        = 524288                                    {product} {ergonomic}
   size_t NewSize                                  = 34603008                                  {product} {ergonomic}
    uintx NonNMethodCodeHeapSize                   = 5825164                                {pd product} {ergonomic}
    uintx NonProfiledCodeHeapSize                  = 122916538                              {pd product} {ergonomic}
   size_t OldSize                                  = 70254592                                  {product} {ergonomic}
    uintx ProfiledCodeHeapSize                     = 122916538                              {pd product} {ergonomic}
    uintx ReservedCodeCacheSize                    = 251658240                              {pd product} {ergonomic}
     bool SegmentedCodeCache                       = true                                      {product} {ergonomic}
     bool UseCompressedClassPointers               = true                                 {lp64_product} {ergonomic}
     bool UseCompressedOops                        = true                                 {lp64_product} {ergonomic}
     bool UseParallelGC                            = true                                      {product} {command line}

Logging:
Log output configuration:
 #0: stdout all=warning uptime,level,tags
 #1: stderr all=off uptime,level,tags

Environment Variables:
PATH=/usr/lib/code-server/lib/vscode/bin/remote-cli:/usr/local/nvm/versions/node/v18.10.0/bin:/usr/local/bin:/usr/bin:/bin:/usr/local/games:/usr/games
SHELL=/bin/bash
LANG=en_US.UTF-8

Signal Handlers:
SIGSEGV: [libjvm.so+0xe70930], sa_mask[0]=11111111011111111101111111111110, sa_flags=SA_RESTART|SA_SIGINFO
SIGBUS: [libjvm.so+0xe70930], sa_mask[0]=11111111011111111101111111111110, sa_flags=SA_RESTART|SA_SIGINFO
SIGFPE: [libjvm.so+0xe70930], sa_mask[0]=11111111011111111101111111111110, sa_flags=SA_RESTART|SA_SIGINFO
SIGPIPE: [libjvm.so+0xbc1d50], sa_mask[0]=11111111011111111101111111111110, sa_flags=SA_RESTART|SA_SIGINFO
SIGXFSZ: [libjvm.so+0xbc1d50], sa_mask[0]=11111111011111111101111111111110, sa_flags=SA_RESTART|SA_SIGINFO
SIGILL: [libjvm.so+0xe70930], sa_mask[0]=11111111011111111101111111111110, sa_flags=SA_RESTART|SA_SIGINFO
SIGUSR2: [libjvm.so+0xbc1bf0], sa_mask[0]=00000000000000000000000000000000, sa_flags=SA_RESTART|SA_SIGINFO
SIGHUP: [libjvm.so+0xbc1fd0], sa_mask[0]=11111111011111111101111111111110, sa_flags=SA_RESTART|SA_SIGINFO
SIGINT: [libjvm.so+0xbc1fd0], sa_mask[0]=11111111011111111101111111111110, sa_flags=SA_RESTART|SA_SIGINFO
SIGTERM: [libjvm.so+0xbc1fd0], sa_mask[0]=11111111011111111101111111111110, sa_flags=SA_RESTART|SA_SIGINFO
SIGQUIT: [libjvm.so+0xbc1fd0], sa_mask[0]=11111111011111111101111111111110, sa_flags=SA_RESTART|SA_SIGINFO


---------------  S Y S T E M  ---------------

OS:PRETTY_NAME="Debian GNU/Linux 11 (bullseye)"
NAME="Debian GNU/Linux"
VERSION_ID="11"
VERSION="11 (bullseye)"
VERSION_CODENAME=bullseye
ID=debian
HOME_URL="https://www.debian.org/"
SUPPORT_URL="https://www.debian.org/support"
BUG_REPORT_URL="https://bugs.debian.org/"
uname:Linux 5.10.162+ #1 SMP Thu Feb 9 16:00:42 UTC 2023 x86_64
OS uptime: 0 days 2:52 hours
libc:glibc 2.31 NPTL 2.31 
rlimit (soft/hard): STACK 8192k/infinity , CORE infinity/infinity , NPROC infinity/infinity , NOFILE 1048576/1048576 , AS infinity/infinity , CPU infinity/infinity , DATA infinity/infinity , FSIZE infinity/infinity , MEMLOCK 64k/64k
load average:4.70 2.27 1.33

/proc/meminfo:
MemTotal:       16393248 kB
MemFree:         3339592 kB
MemAvailable:   10716996 kB
Buffers:          290940 kB
Cached:          6749308 kB
SwapCached:            0 kB
Active:          1064760 kB
Inactive:       11054312 kB
Active(anon):      22900 kB
Inactive(anon):  5041808 kB
Active(file):    1041860 kB
Inactive(file):  6012504 kB
Unevictable:           0 kB
Mlocked:               0 kB
SwapTotal:             0 kB
SwapFree:              0 kB
Dirty:             40384 kB
Writeback:             0 kB
AnonPages:       5078896 kB
Mapped:           540072 kB
Shmem:             45888 kB
KReclaimable:     661104 kB
Slab:             747880 kB
SReclaimable:     661104 kB
SUnreclaim:        86776 kB
KernelStack:       14816 kB
PageTables:        59100 kB
NFS_Unstable:          0 kB
Bounce:                0 kB
WritebackTmp:          0 kB
CommitLimit:     8196624 kB
Committed_AS:    8590560 kB
VmallocTotal:   34359738367 kB
VmallocUsed:       19396 kB
VmallocChunk:          0 kB
Percpu:             3568 kB
HardwareCorrupted:     0 kB
AnonHugePages:         0 kB
ShmemHugePages:        0 kB
ShmemPmdMapped:        0 kB
FileHugePages:         0 kB
FilePmdMapped:         0 kB
CmaTotal:              0 kB
CmaFree:               0 kB
HugePages_Total:       0
HugePages_Free:        0
HugePages_Rsvd:        0
HugePages_Surp:        0
Hugepagesize:       2048 kB
Hugetlb:               0 kB
DirectMap4k:      394040 kB
DirectMap2M:    13234176 kB
DirectMap1G:     5242880 kB

/sys/kernel/mm/transparent_hugepage/enabled:
always [madvise] never
/sys/kernel/mm/transparent_hugepage/defrag (defrag/compaction efforts parameter):
always defer defer+madvise [madvise] never

Process Memory:
Virtual Size: 4822888K (peak: 12129148K)
Resident Set Size: 257560K (peak: 260488K) (anon: 212144K, file: 45416K, shmem: 0K)
Swapped out: 0K
C-Heap outstanding allocations: 63672K, retained: 12767K
glibc malloc tunables: (default)

/proc/sys/kernel/threads-max (system-wide limit on the number of threads):
4194304
/proc/sys/vm/max_map_count (maximum number of memory map areas a process may have):
65530
/proc/sys/kernel/pid_max (system-wide limit on number of process identifiers):
4194304

container (cgroup) information:
container_type: cgroupv1
cpu_cpuset_cpus: 0-3
cpu_memory_nodes: 0
active_processor_count: 2
cpu_quota: 200000
cpu_period: 100000
cpu_shares: no shares
memory_limit_in_bytes: 3670016 k
memory_and_swap_limit_in_bytes: unlimited
memory_soft_limit_in_bytes: unlimited
memory_usage_in_bytes: 983600 k
memory_max_usage_in_bytes: 1011296 k
maximum number of tasks: unlimited
current number of tasks: 162

KVM virtualization detected
Steal ticks since vm start: 4
Steal ticks percentage since vm start:  0.000

CPU:total 4 (initial active 2) (2 cores per cpu, 2 threads per core) family 6 model 79 stepping 0 microcode 0xffffffff, cmov, cx8, fxsr, mmx, sse, sse2, sse3, ssse3, sse4.1, sse4.2, popcnt, avx, avx2, aes, clmul, erms, rtm, 3dnowpref, lzcnt, ht, tsc, tscinvbit, bmi1, bmi2, adx, fma
CPU Model and flags from /proc/cpuinfo:
model name	: Intel(R) Xeon(R) CPU @ 2.20GHz
flags		: fpu vme de pse tsc msr pae mce cx8 apic sep mtrr pge mca cmov pat pse36 clflush mmx fxsr sse sse2 ss ht syscall nx pdpe1gb rdtscp lm constant_tsc rep_good nopl xtopology nonstop_tsc cpuid tsc_known_freq pni pclmulqdq ssse3 fma cx16 pcid sse4_1 sse4_2 x2apic movbe popcnt aes xsave avx f16c rdrand hypervisor lahf_lm abm 3dnowprefetch invpcid_single pti ssbd ibrs ibpb stibp fsgsbase tsc_adjust bmi1 hle avx2 smep bmi2 erms invpcid rtm rdseed adx smap xsaveopt arat md_clear arch_capabilities
Online cpus:
0-3
Offline cpus:

BIOS frequency limitation:
<Not Available>
Frequency switch latency (ns):
<Not Available>
Available cpu frequencies:
<Not Available>
Current governor:
<Not Available>
Core performance/turbo boost:
<Not Available>

Memory: 4k page, physical 3670016k(2686288k free), swap 0k(0k free)

vm_info: OpenJDK 64-Bit Server VM (11.0.18+10-post-Debian-1deb11u1) for linux-amd64 JRE (11.0.18+10-post-Debian-1deb11u1), built on Jan 27 2023 14:52:45 by "unknown" with gcc 10.2.1 20210110

END.
